<html>
<head>
<title>TestNG:  Test</title>
<link href="../testng.css" rel="stylesheet" type="text/css" />
<link href="../my-testng.css" rel="stylesheet" type="text/css" />

<style type="text/css">
.log { display: none;} 
.stack-trace { display: none;} 
</style>
<script type="text/javascript">
<!--
function flip(e) {
  current = e.style.display;
  if (current == 'block') {
    e.style.display = 'none';
    return 0;
  }
  else {
    e.style.display = 'block';
    return 1;
  }
}

function toggleBox(szDivId, elem, msg1, msg2)
{
  var res = -1;  if (document.getElementById) {
    res = flip(document.getElementById(szDivId));
  }
  else if (document.all) {
    // this is the way old msie versions work
    res = flip(document.all[szDivId]);
  }
  if(elem) {
    if(res == 0) elem.innerHTML = msg1; else elem.innerHTML = msg2;
  }

}

function toggleAllBoxes() {
  if (document.getElementsByTagName) {
    d = document.getElementsByTagName('div');
    for (i = 0; i < d.length; i++) {
      if (d[i].className == 'log') {
        flip(d[i]);
      }
    }
  }
}

// -->
</script>

</head>
<body>
<h2 align='center'>Test</h2><table border='1' align="center">
<tr>
<td>Tests passed/Failed/Skipped:</td><td>7/2/1</td>
</tr><tr>
<td>Started on:</td><td>Thu Aug 01 15:41:57 IST 2019</td>
</tr>
<tr><td>Total time:</td><td>226 seconds (226562 ms)</td>
</tr><tr>
<td>Included groups:</td><td></td>
</tr><tr>
<td>Excluded groups:</td><td></td>
</tr>
</table><p/>
<small><i>(Hover the method name to see the test class name)</i></small><p/>
<table width='100%' border='1' class='invocation-failed'>
<tr><td colspan='4' align='center'><b>FAILED TESTS</b></td></tr>
<tr><td><b>Test method</b></td>
<td width="30%"><b>Exception</b></td>
<td width="10%"><b>Time (seconds)</b></td>
<td><b>Instance</b></td>
</tr>
<tr>
<td title='com.nag.nagp.testcases.Test_Redbus_BusList_Page.Test_BusList_With_LiveTracking_Filter()'><b>Test_BusList_With_LiveTracking_Filter</b><br>Test class: com.nag.nagp.testcases.Test_Redbus_BusList_Page<br>Test method: Validate when user selected filters Live Tracking.</td>
<td><div><pre>com.nag.nagp.customException.ElementNotClickable: 
WebElement pickFirstSourcePlace [By.xpath: //div[@class=&apos;autocomplete-suggestions&apos;][1]/div[1]] Not Clickable
	at com.nag.nagp.selenium.keywords.SeleniumKeywords.click(SeleniumKeywords.java:80)
	at com.nag.nagp.applicationhelper.RedbusHelper.setJourneyDetails(RedbusHelper.java:51)
	at com.nag.nagp.testcases.Test_Redbus_BusList_Page.Test_BusList_With_LiveTracking_Filter(Test_Redbus_BusList_Page.java:23)
... Removed 25 stack frames</pre></div><a href='#' onClick='toggleBox("stack-trace1998949977", this, "Click to show all stack frames", "Click to hide stack frames")'>Click to show all stack frames</a>
<div class='stack-trace' id='stack-trace1998949977'><pre>com.nag.nagp.customException.ElementNotClickable: 
WebElement pickFirstSourcePlace [By.xpath: //div[@class=&apos;autocomplete-suggestions&apos;][1]/div[1]] Not Clickable
	at com.nag.nagp.selenium.keywords.SeleniumKeywords.click(SeleniumKeywords.java:80)
	at com.nag.nagp.applicationhelper.RedbusHelper.setJourneyDetails(RedbusHelper.java:51)
	at com.nag.nagp.testcases.Test_Redbus_BusList_Page.Test_BusList_With_LiveTracking_Filter(Test_Redbus_BusList_Page.java:23)
	at sun.reflect.NativeMethodAccessorImpl.invoke0(Native Method)
	at sun.reflect.NativeMethodAccessorImpl.invoke(Unknown Source)
	at sun.reflect.DelegatingMethodAccessorImpl.invoke(Unknown Source)
	at java.lang.reflect.Method.invoke(Unknown Source)
	at org.testng.internal.MethodInvocationHelper.invokeMethod(MethodInvocationHelper.java:124)
	at org.testng.internal.Invoker.invokeMethod(Invoker.java:583)
	at org.testng.internal.Invoker.invokeTestMethod(Invoker.java:719)
	at org.testng.internal.Invoker.invokeTestMethods(Invoker.java:989)
	at org.testng.internal.TestMethodWorker.invokeTestMethods(TestMethodWorker.java:125)
	at org.testng.internal.TestMethodWorker.run(TestMethodWorker.java:109)
	at org.testng.TestRunner.privateRun(TestRunner.java:648)
	at org.testng.TestRunner.run(TestRunner.java:505)
	at org.testng.SuiteRunner.runTest(SuiteRunner.java:455)
	at org.testng.SuiteRunner.runSequentially(SuiteRunner.java:450)
	at org.testng.SuiteRunner.privateRun(SuiteRunner.java:415)
	at org.testng.SuiteRunner.run(SuiteRunner.java:364)
	at org.testng.SuiteRunnerWorker.runSuite(SuiteRunnerWorker.java:52)
	at org.testng.SuiteRunnerWorker.run(SuiteRunnerWorker.java:84)
	at org.testng.TestNG.runSuitesSequentially(TestNG.java:1208)
	at org.testng.TestNG.runSuitesLocally(TestNG.java:1137)
	at org.testng.TestNG.runSuites(TestNG.java:1049)
	at org.testng.TestNG.run(TestNG.java:1017)
	at org.testng.remote.AbstractRemoteTestNG.run(AbstractRemoteTestNG.java:115)
	at org.testng.remote.RemoteTestNG.initAndRun(RemoteTestNG.java:251)
	at org.testng.remote.RemoteTestNG.main(RemoteTestNG.java:77)
</pre></div></td>
<td>28</td>
<td>com.nag.nagp.testcases.Test_Redbus_BusList_Page@2db7a79b</td></tr>
<tr>
<td title='com.nag.nagp.testcases.Test_Redbus_BusDetails.Test_Validate_BusCountWithWifi()'><b>Test_Validate_BusCountWithWifi</b><br>Test class: com.nag.nagp.testcases.Test_Redbus_BusDetails<br>Test method: Validate the number of buses with Wifi Amenities when user select Wifi.</td>
<td><div><pre>java.lang.AssertionError: Bus List count with wifi label : 17 doesn&apos;t matches with number of buses in list: 40 expected [17] but found [40]
	at com.nag.nagp.testcases.Test_Redbus_BusDetails.Test_Validate_BusCountWithWifi(Test_Redbus_BusDetails.java:22)
... Removed 34 stack frames</pre></div><a href='#' onClick='toggleBox("stack-trace891461509", this, "Click to show all stack frames", "Click to hide stack frames")'>Click to show all stack frames</a>
<div class='stack-trace' id='stack-trace891461509'><pre>java.lang.AssertionError: Bus List count with wifi label : 17 doesn&apos;t matches with number of buses in list: 40 expected [17] but found [40]
	at org.testng.Assert.fail(Assert.java:96)
	at org.testng.Assert.failNotEquals(Assert.java:776)
	at org.testng.Assert.assertEqualsImpl(Assert.java:137)
	at org.testng.Assert.assertEquals(Assert.java:118)
	at org.testng.Assert.assertEquals(Assert.java:652)
	at org.testng.asserts.Assertion$26.doAssert(Assertion.java:338)
	at org.testng.asserts.Assertion.executeAssert(Assertion.java:30)
	at org.testng.asserts.Assertion.doAssert(Assertion.java:15)
	at org.testng.asserts.Assertion.assertEquals(Assertion.java:335)
	at com.nag.nagp.testcases.Test_Redbus_BusDetails.Test_Validate_BusCountWithWifi(Test_Redbus_BusDetails.java:22)
	at sun.reflect.NativeMethodAccessorImpl.invoke0(Native Method)
	at sun.reflect.NativeMethodAccessorImpl.invoke(Unknown Source)
	at sun.reflect.DelegatingMethodAccessorImpl.invoke(Unknown Source)
	at java.lang.reflect.Method.invoke(Unknown Source)
	at org.testng.internal.MethodInvocationHelper.invokeMethod(MethodInvocationHelper.java:124)
	at org.testng.internal.Invoker.invokeMethod(Invoker.java:583)
	at org.testng.internal.Invoker.invokeTestMethod(Invoker.java:719)
	at org.testng.internal.Invoker.invokeTestMethods(Invoker.java:989)
	at org.testng.internal.TestMethodWorker.invokeTestMethods(TestMethodWorker.java:125)
	at org.testng.internal.TestMethodWorker.run(TestMethodWorker.java:109)
	at org.testng.TestRunner.privateRun(TestRunner.java:648)
	at org.testng.TestRunner.run(TestRunner.java:505)
	at org.testng.SuiteRunner.runTest(SuiteRunner.java:455)
	at org.testng.SuiteRunner.runSequentially(SuiteRunner.java:450)
	at org.testng.SuiteRunner.privateRun(SuiteRunner.java:415)
	at org.testng.SuiteRunner.run(SuiteRunner.java:364)
	at org.testng.SuiteRunnerWorker.runSuite(SuiteRunnerWorker.java:52)
	at org.testng.SuiteRunnerWorker.run(SuiteRunnerWorker.java:84)
	at org.testng.TestNG.runSuitesSequentially(TestNG.java:1208)
	at org.testng.TestNG.runSuitesLocally(TestNG.java:1137)
	at org.testng.TestNG.runSuites(TestNG.java:1049)
	at org.testng.TestNG.run(TestNG.java:1017)
	at org.testng.remote.AbstractRemoteTestNG.run(AbstractRemoteTestNG.java:115)
	at org.testng.remote.RemoteTestNG.initAndRun(RemoteTestNG.java:251)
	at org.testng.remote.RemoteTestNG.main(RemoteTestNG.java:77)
</pre></div></td>
<td>12</td>
<td>com.nag.nagp.testcases.Test_Redbus_BusDetails@6950e31</td></tr>
</table><p>
<table width='100%' border='1' class='invocation-passed'>
<tr><td colspan='4' align='center'><b>PASSED TESTS</b></td></tr>
<tr><td><b>Test method</b></td>
<td width="30%"><b>Exception</b></td>
<td width="10%"><b>Time (seconds)</b></td>
<td><b>Instance</b></td>
</tr>
<tr>
<td title='com.nag.nagp.testcases.Test_Redbus_BusList_Page.Test_BusListFilters()'><b>Test_BusListFilters</b><br>Test class: com.nag.nagp.testcases.Test_Redbus_BusList_Page<br>Test method: Validate the type of filter available on Bus list page.</td>
<td></td>
<td>13</td>
<td>com.nag.nagp.testcases.Test_Redbus_BusList_Page@2db7a79b</td></tr>
<tr>
<td title='com.nag.nagp.testcases.Test_Redbus_BusList_Page.Test_BusListResetFilter()'><b>Test_BusListResetFilter</b><br>Test class: com.nag.nagp.testcases.Test_Redbus_BusList_Page<br>Test method: Validate reset button when no filter is selected.</td>
<td></td>
<td>12</td>
<td>com.nag.nagp.testcases.Test_Redbus_BusList_Page@2db7a79b</td></tr>
<tr>
<td title='com.nag.nagp.testcases.Test_Redbus_HotelDetails.Test_MaxGuestPerRoom()'><b>Test_MaxGuestPerRoom</b><br>Test class: com.nag.nagp.testcases.Test_Redbus_HotelDetails<br>Test method: Validate the maximum number of Guest allowed in 1 hotel room.</td>
<td></td>
<td>41</td>
<td>com.nag.nagp.testcases.Test_Redbus_HotelDetails@b7dd107</td></tr>
<tr>
<td title='com.nag.nagp.testcases.Test_Redbus_BusTicket_BookingPage.Test_Validate_BusTicket_Fields()'><b>Test_Validate_BusTicket_Fields</b><br>Test class: com.nag.nagp.testcases.Test_Redbus_BusTicket_BookingPage<br>Test method: Validate the fields on Redbus bus ticket page.</td>
<td></td>
<td>34</td>
<td>com.nag.nagp.testcases.Test_Redbus_BusTicket_BookingPage@4671e53b</td></tr>
<tr>
<td title='com.nag.nagp.testcases.Test_Redbus_BusTicket_BookingPage.Test_Validate_BusesBetween_Delhi_Jaipur()'><b>Test_Validate_BusesBetween_Delhi_Jaipur</b><br>Test class: com.nag.nagp.testcases.Test_Redbus_BusTicket_BookingPage<br>Test method: Validate the number of buses on the route when Source is New Delhi and Destination is Jaipur.</td>
<td></td>
<td>11</td>
<td>com.nag.nagp.testcases.Test_Redbus_BusTicket_BookingPage@4671e53b</td></tr>
<tr>
<td title='com.nag.nagp.testcases.Test_Redbus_BusTicket_BookingPage.Test_Validate_BusesSameSourceDestination()'><b>Test_Validate_BusesSameSourceDestination</b><br>Test class: com.nag.nagp.testcases.Test_Redbus_BusTicket_BookingPage<br>Test method: Validate the number of buses when Source and Destination are same.</td>
<td></td>
<td>7</td>
<td>com.nag.nagp.testcases.Test_Redbus_BusTicket_BookingPage@4671e53b</td></tr>
<tr>
<td title='com.nag.nagp.testcases.Test_Redbus_BusTicket_BookingPage.Test_Validate_BusesWithNoOriginDate()'><b>Test_Validate_BusesWithNoOriginDate</b><br>Test class: com.nag.nagp.testcases.Test_Redbus_BusTicket_BookingPage<br>Test method: Validate the number of buses when Source and Destination are same.</td>
<td></td>
<td>7</td>
<td>com.nag.nagp.testcases.Test_Redbus_BusTicket_BookingPage@4671e53b</td></tr>
</table><p>
<table width='100%' border='1' class='invocation-skipped'>
<tr><td colspan='4' align='center'><b>SKIPPED TESTS</b></td></tr>
<tr><td><b>Test method</b></td>
<td width="30%"><b>Exception</b></td>
<td width="10%"><b>Time (seconds)</b></td>
<td><b>Instance</b></td>
</tr>
<tr>
<td title='com.nag.nagp.testcases.Test_Redbus_BusDetails.Test_Validate_WifiIcon()'><b>Test_Validate_WifiIcon</b><br>Test class: com.nag.nagp.testcases.Test_Redbus_BusDetails<br>Test method: Validate wifi icons with the buses having Wifi Amenities.</td>
<td><div><pre>java.lang.Throwable: Method Test_Redbus_BusDetails.Test_Validate_WifiIcon()[pri:0, instance:com.nag.nagp.testcases.Test_Redbus_BusDetails@6950e31] depends on not successfully finished methods
... Removed 18 stack frames</pre></div><a href='#' onClick='toggleBox("stack-trace1215946669", this, "Click to show all stack frames", "Click to hide stack frames")'>Click to show all stack frames</a>
<div class='stack-trace' id='stack-trace1215946669'><pre>java.lang.Throwable: Method Test_Redbus_BusDetails.Test_Validate_WifiIcon()[pri:0, instance:com.nag.nagp.testcases.Test_Redbus_BusDetails@6950e31] depends on not successfully finished methods
	at org.testng.internal.Invoker.invokeTestMethods(Invoker.java:888)
	at org.testng.internal.TestMethodWorker.invokeTestMethods(TestMethodWorker.java:125)
	at org.testng.internal.TestMethodWorker.run(TestMethodWorker.java:109)
	at org.testng.TestRunner.privateRun(TestRunner.java:648)
	at org.testng.TestRunner.run(TestRunner.java:505)
	at org.testng.SuiteRunner.runTest(SuiteRunner.java:455)
	at org.testng.SuiteRunner.runSequentially(SuiteRunner.java:450)
	at org.testng.SuiteRunner.privateRun(SuiteRunner.java:415)
	at org.testng.SuiteRunner.run(SuiteRunner.java:364)
	at org.testng.SuiteRunnerWorker.runSuite(SuiteRunnerWorker.java:52)
	at org.testng.SuiteRunnerWorker.run(SuiteRunnerWorker.java:84)
	at org.testng.TestNG.runSuitesSequentially(TestNG.java:1208)
	at org.testng.TestNG.runSuitesLocally(TestNG.java:1137)
	at org.testng.TestNG.runSuites(TestNG.java:1049)
	at org.testng.TestNG.run(TestNG.java:1017)
	at org.testng.remote.AbstractRemoteTestNG.run(AbstractRemoteTestNG.java:115)
	at org.testng.remote.RemoteTestNG.initAndRun(RemoteTestNG.java:251)
	at org.testng.remote.RemoteTestNG.main(RemoteTestNG.java:77)
</pre></div></td>
<td>0</td>
<td>null</td></tr>
</table><p>
</body>
</html>