<?xml version="1.0" encoding="UTF-8"?>
<!-- Generated by org.testng.reporters.JUnitXMLReporter -->
<testsuite hostname="sachin4597-01" ignored="6" name="Test" tests="10" failures="2" timestamp="01 Aug 2019 10:15:43 GMT" time="226.562" errors="0">
  <testcase name="Test_Validate_BusTicket_Fields" time="34.011" classname="com.nag.nagp.testcases.Test_Redbus_BusTicket_BookingPage"/>
  <testcase name="Test_Validate_BusesBetween_Delhi_Jaipur" time="11.945" classname="com.nag.nagp.testcases.Test_Redbus_BusTicket_BookingPage"/>
  <testcase name="Test_Validate_BusesSameSourceDestination" time="7.719" classname="com.nag.nagp.testcases.Test_Redbus_BusTicket_BookingPage"/>
  <testcase name="Test_Validate_BusesWithNoOriginDate" time="7.151" classname="com.nag.nagp.testcases.Test_Redbus_BusTicket_BookingPage"/>
  <testcase name="Test_BusListFilters" time="13.178" classname="com.nag.nagp.testcases.Test_Redbus_BusList_Page"/>
  <testcase name="Test_BusListResetFilter" time="12.641" classname="com.nag.nagp.testcases.Test_Redbus_BusList_Page"/>
  <testcase name="Test_BusList_With_LiveTracking_Filter" time="28.368" classname="com.nag.nagp.testcases.Test_Redbus_BusList_Page">
    <failure type="com.nag.nagp.customException.ElementNotClickable" message="
WebElement pickFirstSourcePlace [By.xpath: //div[@class=&amp;apos;autocomplete-suggestions&amp;apos;][1]/div[1]] Not Clickable">
      <![CDATA[com.nag.nagp.customException.ElementNotClickable: 
WebElement pickFirstSourcePlace [By.xpath: //div[@class='autocomplete-suggestions'][1]/div[1]] Not Clickable
at com.nag.nagp.selenium.keywords.SeleniumKeywords.click(SeleniumKeywords.java:80)
at com.nag.nagp.applicationhelper.RedbusHelper.setJourneyDetails(RedbusHelper.java:51)
at com.nag.nagp.testcases.Test_Redbus_BusList_Page.Test_BusList_With_LiveTracking_Filter(Test_Redbus_BusList_Page.java:23)
... Removed 25 stack frames]]>
    </failure>
  </testcase> <!-- Test_BusList_With_LiveTracking_Filter -->
  <testcase name="Test_Validate_BusCountWithWifi" time="12.869" classname="com.nag.nagp.testcases.Test_Redbus_BusDetails">
    <failure type="java.lang.AssertionError" message="Bus List count with wifi label : 17 doesn&amp;apos;t matches with number of buses in list: 40 expected [17] but found [40]">
      <![CDATA[java.lang.AssertionError: Bus List count with wifi label : 17 doesn't matches with number of buses in list: 40 expected [17] but found [40]
at com.nag.nagp.testcases.Test_Redbus_BusDetails.Test_Validate_BusCountWithWifi(Test_Redbus_BusDetails.java:22)
... Removed 34 stack frames]]>
    </failure>
  </testcase> <!-- Test_Validate_BusCountWithWifi -->
  <testcase name="Test_Validate_WifiIcon" time="0.0" classname="com.nag.nagp.testcases.Test_Redbus_BusDetails">
    <skipped/>
  </testcase> <!-- Test_Validate_WifiIcon -->
  <testcase name="Test_MaxGuestPerRoom" time="41.598" classname="com.nag.nagp.testcases.Test_Redbus_HotelDetails"/>
  <testcase name="@BeforeSuite BeforeSuite" time="0.0" classname="com.nag.nagp.testcasebase.TestCasesBase">
    <ignored/>
  </testcase> <!-- @BeforeSuite BeforeSuite -->
  <testcase name="@BeforeSuite BeforeSuite" time="0.0" classname="com.nag.nagp.testcasebase.TestCasesBase">
    <ignored/>
  </testcase> <!-- @BeforeSuite BeforeSuite -->
  <testcase name="@BeforeSuite BeforeSuite" time="0.0" classname="com.nag.nagp.testcasebase.TestCasesBase">
    <ignored/>
  </testcase> <!-- @BeforeSuite BeforeSuite -->
  <testcase name="@AfterSuite tearDown" time="0.0" classname="com.nag.nagp.testcasebase.TestCasesBase">
    <ignored/>
  </testcase> <!-- @AfterSuite tearDown -->
  <testcase name="@AfterSuite tearDown" time="0.0" classname="com.nag.nagp.testcasebase.TestCasesBase">
    <ignored/>
  </testcase> <!-- @AfterSuite tearDown -->
  <testcase name="@AfterSuite tearDown" time="0.0" classname="com.nag.nagp.testcasebase.TestCasesBase">
    <ignored/>
  </testcase> <!-- @AfterSuite tearDown -->
</testsuite> <!-- Test -->
