<?xml version="1.0" encoding="UTF-8"?>
<!-- Generated by org.testng.reporters.JUnitXMLReporter -->
<testsuite hostname="sachin4597-01" ignored="1" name="Default test" tests="1" failures="0" timestamp="04 Aug 2019 07:03:33 GMT" time="0.024" errors="0">
  <testcase name="@BeforeTest BeforeTest" time="0.0" classname="com.nag.nagp.testcasebase.TestCasesBase">
    <failure type="org.testng.TestNGException" message="
Parameter &amp;apos;browser&amp;apos; is required by BeforeTest on method BeforeTest but has not been marked @Optional or defined
in C:\Users\sachinahuja\AppData\Local\Temp\testng-eclipse--1026268996\testng-customsuite.xml">
      <![CDATA[org.testng.TestNGException: 
Parameter 'browser' is required by BeforeTest on method BeforeTest but has not been marked @Optional or defined
in C:\Users\sachinahuja\AppData\Local\Temp\testng-eclipse--1026268996\testng-customsuite.xml
at org.testng.internal.Parameters.createParams(Parameters.java:290)
at org.testng.internal.Parameters.createParametersForMethod(Parameters.java:359)
at org.testng.internal.Parameters.createParameters(Parameters.java:620)
at org.testng.internal.Parameters.createConfigurationParameters(Parameters.java:190)
at org.testng.internal.Invoker.invokeConfigurations(Invoker.java:209)
at org.testng.internal.Invoker.invokeConfigurations(Invoker.java:142)
at org.testng.TestRunner.beforeRun(TestRunner.java:529)
at org.testng.TestRunner.run(TestRunner.java:497)
at org.testng.SuiteRunner.runTest(SuiteRunner.java:455)
at org.testng.SuiteRunner.runSequentially(SuiteRunner.java:450)
at org.testng.SuiteRunner.privateRun(SuiteRunner.java:415)
at org.testng.SuiteRunner.run(SuiteRunner.java:364)
at org.testng.SuiteRunnerWorker.runSuite(SuiteRunnerWorker.java:52)
at org.testng.SuiteRunnerWorker.run(SuiteRunnerWorker.java:84)
at org.testng.TestNG.runSuitesSequentially(TestNG.java:1208)
at org.testng.TestNG.runSuitesLocally(TestNG.java:1137)
at org.testng.TestNG.runSuites(TestNG.java:1049)
at org.testng.TestNG.run(TestNG.java:1017)
at org.testng.remote.AbstractRemoteTestNG.run(AbstractRemoteTestNG.java:115)
at org.testng.remote.RemoteTestNG.initAndRun(RemoteTestNG.java:251)
at org.testng.remote.RemoteTestNG.main(RemoteTestNG.java:77)
]]>
    </failure>
  </testcase> <!-- @BeforeTest BeforeTest -->
  <testcase name="@BeforeMethod initializeRestClient" time="0.0" classname="com.nag.nagp.testcasebase.TestCasesBase">
    <skipped/>
  </testcase> <!-- @BeforeMethod initializeRestClient -->
  <testcase name="@AfterMethod getResult" time="0.0" classname="com.nag.nagp.testcasebase.TestCasesBase">
    <skipped/>
  </testcase> <!-- @AfterMethod getResult -->
  <testcase name="Test_Validate_BusesSameSourceDestination" time="0.0" classname="com.nag.nagp.testcases.Test_Redbus_BusTicket_BookingPage">
    <skipped/>
  </testcase> <!-- Test_Validate_BusesSameSourceDestination -->
  <testcase name="Test_Validate_BusTicket_Fields" time="0.0" classname="com.nag.nagp.testcases.Test_Redbus_BusTicket_BookingPage">
    <ignored/>
  </testcase> <!-- Test_Validate_BusTicket_Fields -->
</testsuite> <!-- Default test -->
