<!DOCTYPE html PUBLIC "-//W3C//DTD XHTML 1.1//EN" "http://www.w3.org/TR/xhtml11/DTD/xhtml11.dtd">
<html xmlns="http://www.w3.org/1999/xhtml">
<head>
<meta http-equiv="content-type" content="text/html; charset=UTF-8"/>
<title>TestNG Report</title>
<style type="text/css">table {margin-bottom:10px;border-collapse:collapse;empty-cells:show}th,td {border:1px solid #009;padding:.25em .5em}th {vertical-align:bottom}td {vertical-align:top}table a {font-weight:bold}.stripe td {background-color: #E6EBF9}.num {text-align:right}.passedodd td {background-color: #3F3}.passedeven td {background-color: #0A0}.skippedodd td {background-color: #DDD}.skippedeven td {background-color: #CCC}.failedodd td,.attn {background-color: #F33}.failedeven td,.stripe .attn {background-color: #D00}.stacktrace {white-space:pre;font-family:monospace}.totop {font-size:85%;text-align:center;border-bottom:2px solid #000}.invisible {display:none}</style>
</head>
<body>
<table>
<tr><th>Test</th><th># Passed</th><th># Skipped</th><th># Failed</th><th>Time (ms)</th><th>Included Groups</th><th>Excluded Groups</th></tr>
<tr><th colspan="7">Parallel - RegressionSuite</th></tr>
<tr><td><a href="#t0">Test Application - IE</a></td><td class="num">0</td><td class="num attn">1</td><td class="num attn">1</td><td class="num">3,916</td><td></td><td></td></tr>
<tr class="stripe"><td><a href="#t1">Test Application - Chrome</a></td><td class="num">1</td><td class="num">0</td><td class="num attn">1</td><td class="num">11,096</td><td></td><td></td></tr>
<tr><td><a href="#t2">Test Application - Firefox</a></td><td class="num">2</td><td class="num">0</td><td class="num">0</td><td class="num">20,696</td><td></td><td></td></tr>
<tr><th>Total</th><th class="num">3</th><th class="num attn">1</th><th class="num attn">2</th><th class="num">35,708</th><th colspan="2"></th></tr>
</table>
<table id='summary'><thead><tr><th>Class</th><th>Method</th><th>Start</th><th>Time (ms)</th></tr></thead><tbody><tr><th colspan="4">Parallel - RegressionSuite</th></tr></tbody><tbody id="t0"><tr><th colspan="4">Test Application - IE &#8212; failed (configuration methods)</th></tr><tr class="failedeven"><td rowspan="1">com.nag.nagp.testcases.Test_Redbus_BusTicket_BookingPage</td><td><a href="#m0">getResult</a></td><td rowspan="1">1564913778184</td><td rowspan="1">50</td></tr><tr><th colspan="4">Test Application - IE &#8212; failed</th></tr><tr class="failedeven"><td rowspan="1">com.nag.nagp.testcases.Test_Redbus_BusTicket_BookingPage</td><td><a href="#m1">Test_Validate_BusTicket_Fields</a></td><td rowspan="1">1564913777762</td><td rowspan="1">418</td></tr><tr><th colspan="4">Test Application - IE &#8212; skipped (configuration methods)</th></tr><tr class="skippedeven"><td rowspan="2">com.nag.nagp.testcases.Test_Redbus_BusTicket_BookingPage</td><td><a href="#m2">getResult</a></td><td rowspan="1">1564913778255</td><td rowspan="1">0</td></tr><tr class="skippedeven"><td><a href="#m3">initializeRestClient</a></td><td rowspan="1">1564913778243</td><td rowspan="1">0</td></tr><tr><th colspan="4">Test Application - IE &#8212; skipped</th></tr><tr class="skippedeven"><td rowspan="1">com.nag.nagp.testcases.Test_Redbus_BusTicket_BookingPage</td><td><a href="#m4">Test_Validate_BusesSameSourceDestination</a></td><td rowspan="1">1564913778247</td><td rowspan="1">0</td></tr></tbody>
<tbody id="t1"><tr><th colspan="4">Test Application - Chrome &#8212; failed</th></tr><tr class="failedeven"><td rowspan="1">com.nag.nagp.testcases.Test_Redbus_BusTicket_BookingPage</td><td><a href="#m5">Test_Validate_BusesSameSourceDestination</a></td><td rowspan="1">1564913782859</td><td rowspan="1">2097</td></tr><tr><th colspan="4">Test Application - Chrome &#8212; passed</th></tr><tr class="passedeven"><td rowspan="1">com.nag.nagp.testcases.Test_Redbus_BusTicket_BookingPage</td><td><a href="#m6">Test_Validate_BusTicket_Fields</a></td><td rowspan="1">1564913780144</td><td rowspan="1">1927</td></tr></tbody>
<tbody id="t2"><tr><th colspan="4">Test Application - Firefox &#8212; passed</th></tr><tr class="passedeven"><td rowspan="2">com.nag.nagp.testcases.Test_Redbus_BusTicket_BookingPage</td><td><a href="#m7">Test_Validate_BusTicket_Fields</a></td><td rowspan="1">1564913783367</td><td rowspan="1">2053</td></tr><tr class="passedeven"><td><a href="#m8">Test_Validate_BusesSameSourceDestination</a></td><td rowspan="1">1564913786475</td><td rowspan="1">7641</td></tr></tbody>
</table>
<h2>Test Application - IE</h2><h3 id="m0">com.nag.nagp.testcases.Test_Redbus_BusTicket_BookingPage#getResult</h3><table class="result"><tr class="param"><th>Parameter #1</th></tr><tr class="param stripe"><td>[TestResult name=Test_Validate_BusTicket_Fields status=FAILURE method=Test_Redbus_BusTicket_BookingPage.Test_Validate_BusTicket_Fields()[pri:0, instance:com.nag.nagp.testcases.Test_Redbus_BusTicket_BookingPage@1990a65e] output={null}]</td></tr><tr><th>Exception</th></tr><tr><td><div class="stacktrace">org.openqa.selenium.NoSuchWindowException: Unable to get browser
Build info: version: &apos;3.8.1&apos;, revision: &apos;6e95a6684b&apos;, time: &apos;2017-12-01T18:33:54.468Z&apos;
System info: host: &apos;SACHIN4597-01&apos;, ip: &apos;192.168.0.107&apos;, os.name: &apos;Windows 10&apos;, os.arch: &apos;amd64&apos;, os.version: &apos;10.0&apos;, java.version: &apos;1.8.0_201&apos;
Driver info: org.openqa.selenium.remote.RemoteWebDriver
Capabilities {acceptInsecureCerts: false, browserName: internet explorer, browserVersion: 11, javascriptEnabled: true, pageLoadStrategy: normal, platform: WINDOWS, platformName: WINDOWS, proxy: Proxy(), se:ieOptions: {browserAttachTimeout: 0, elementScrollBehavior: 0, enablePersistentHover: true, ie.browserCommandLineSwitches: , ie.ensureCleanSession: false, ie.fileUploadDialogTimeout: 3000, ie.forceCreateProcessApi: false, ignoreProtectedModeSettings: false, ignoreZoomSetting: false, initialBrowserUrl: http://localhost:27239/, nativeEvents: true, requireWindowFocus: false}, setWindowRect: true, timeouts: {implicit: 0, pageLoad: 300000, script: 30000}, webdriver.remote.sessionid: 79683a57-5aa5-4b91-ac45-17f...}
Session ID: 79683a57-5aa5-4b91-ac45-17f955ac6084
	at org.openqa.selenium.remote.http.W3CHttpResponseCodec.createException(W3CHttpResponseCodec.java:187)
	at org.openqa.selenium.remote.http.W3CHttpResponseCodec.decode(W3CHttpResponseCodec.java:122)
	at org.openqa.selenium.remote.http.W3CHttpResponseCodec.decode(W3CHttpResponseCodec.java:49)
	at org.openqa.selenium.remote.HttpCommandExecutor.execute(HttpCommandExecutor.java:164)
	at org.openqa.selenium.remote.RemoteWebDriver.execute(RemoteWebDriver.java:601)
	at org.openqa.selenium.remote.RemoteWebDriver.execute(RemoteWebDriver.java:658)
	at org.openqa.selenium.remote.RemoteWebDriver.getScreenshotAs(RemoteWebDriver.java:343)
	at com.nag.nagp.selenium.keywords.SeleniumKeywords.getScreenshot(SeleniumKeywords.java:137)
	at com.nag.nagp.reporterLogger.ReportFactory.fail(ReportFactory.java:115)
	at com.nag.nagp.testcasebase.TestCasesBase.getResult(TestCasesBase.java:90)
	at java.util.concurrent.FutureTask.run(FutureTask.java:266)
	at java.util.concurrent.ThreadPoolExecutor.runWorker(ThreadPoolExecutor.java:1149)
	at java.util.concurrent.ThreadPoolExecutor$Worker.run(ThreadPoolExecutor.java:624)
	at java.lang.Thread.run(Thread.java:748)
... Removed 23 stack frames</div></td></tr></table><p class="totop"><a href="#summary">back to summary</a></p>
<h3 id="m1">com.nag.nagp.testcases.Test_Redbus_BusTicket_BookingPage#Test_Validate_BusTicket_Fields</h3><table class="result"><tr><th>Exception</th></tr><tr><td><div class="stacktrace">com.nag.nagp.customException.ElementNotFound: 
Element busTickets_Menu [By.xpath: //a[@title=&apos;redBus&apos;]] Not found
	at com.nag.nagp.selenium.keywords.SeleniumKeywords.verifyElementPresence(SeleniumKeywords.java:44)
	at com.nag.nagp.selenium.keywords.SeleniumKeywords.click(SeleniumKeywords.java:75)
	at com.nag.nagp.testcases.Test_Redbus_BusTicket_BookingPage.Test_Validate_BusTicket_Fields(Test_Redbus_BusTicket_BookingPage.java:18)
	at java.util.concurrent.FutureTask.run(FutureTask.java:266)
	at java.util.concurrent.ThreadPoolExecutor.runWorker(ThreadPoolExecutor.java:1149)
	at java.util.concurrent.ThreadPoolExecutor$Worker.run(ThreadPoolExecutor.java:624)
	at java.lang.Thread.run(Thread.java:748)
... Removed 16 stack frames</div></td></tr></table><p class="totop"><a href="#summary">back to summary</a></p>
<h3 id="m2">com.nag.nagp.testcases.Test_Redbus_BusTicket_BookingPage#getResult</h3><table class="result"><tr><th class="invisible"/></tr></table><p class="totop"><a href="#summary">back to summary</a></p>
<h3 id="m3">com.nag.nagp.testcases.Test_Redbus_BusTicket_BookingPage#initializeRestClient</h3><table class="result"><tr><th class="invisible"/></tr></table><p class="totop"><a href="#summary">back to summary</a></p>
<h3 id="m4">com.nag.nagp.testcases.Test_Redbus_BusTicket_BookingPage#Test_Validate_BusesSameSourceDestination</h3><table class="result"><tr><th>Exception</th></tr><tr><td><div class="stacktrace">org.openqa.selenium.NoSuchWindowException: Unable to get browser
Build info: version: &apos;3.8.1&apos;, revision: &apos;6e95a6684b&apos;, time: &apos;2017-12-01T18:33:54.468Z&apos;
System info: host: &apos;SACHIN4597-01&apos;, ip: &apos;192.168.0.107&apos;, os.name: &apos;Windows 10&apos;, os.arch: &apos;amd64&apos;, os.version: &apos;10.0&apos;, java.version: &apos;1.8.0_201&apos;
Driver info: org.openqa.selenium.remote.RemoteWebDriver
Capabilities {acceptInsecureCerts: false, browserName: internet explorer, browserVersion: 11, javascriptEnabled: true, pageLoadStrategy: normal, platform: WINDOWS, platformName: WINDOWS, proxy: Proxy(), se:ieOptions: {browserAttachTimeout: 0, elementScrollBehavior: 0, enablePersistentHover: true, ie.browserCommandLineSwitches: , ie.ensureCleanSession: false, ie.fileUploadDialogTimeout: 3000, ie.forceCreateProcessApi: false, ignoreProtectedModeSettings: false, ignoreZoomSetting: false, initialBrowserUrl: http://localhost:27239/, nativeEvents: true, requireWindowFocus: false}, setWindowRect: true, timeouts: {implicit: 0, pageLoad: 300000, script: 30000}, webdriver.remote.sessionid: 79683a57-5aa5-4b91-ac45-17f...}
Session ID: 79683a57-5aa5-4b91-ac45-17f955ac6084
	at org.openqa.selenium.remote.http.W3CHttpResponseCodec.createException(W3CHttpResponseCodec.java:187)
	at org.openqa.selenium.remote.http.W3CHttpResponseCodec.decode(W3CHttpResponseCodec.java:122)
	at org.openqa.selenium.remote.http.W3CHttpResponseCodec.decode(W3CHttpResponseCodec.java:49)
	at org.openqa.selenium.remote.HttpCommandExecutor.execute(HttpCommandExecutor.java:164)
	at org.openqa.selenium.remote.RemoteWebDriver.execute(RemoteWebDriver.java:601)
	at org.openqa.selenium.remote.RemoteWebDriver.execute(RemoteWebDriver.java:658)
	at org.openqa.selenium.remote.RemoteWebDriver.getScreenshotAs(RemoteWebDriver.java:343)
	at com.nag.nagp.selenium.keywords.SeleniumKeywords.getScreenshot(SeleniumKeywords.java:137)
	at com.nag.nagp.reporterLogger.ReportFactory.fail(ReportFactory.java:115)
	at com.nag.nagp.testcasebase.TestCasesBase.getResult(TestCasesBase.java:90)
	at java.util.concurrent.FutureTask.run(FutureTask.java:266)
	at java.util.concurrent.ThreadPoolExecutor.runWorker(ThreadPoolExecutor.java:1149)
	at java.util.concurrent.ThreadPoolExecutor$Worker.run(ThreadPoolExecutor.java:624)
	at java.lang.Thread.run(Thread.java:748)
... Removed 23 stack frames</div></td></tr></table><p class="totop"><a href="#summary">back to summary</a></p>
<h2>Test Application - Chrome</h2><h3 id="m5">com.nag.nagp.testcases.Test_Redbus_BusTicket_BookingPage#Test_Validate_BusesSameSourceDestination</h3><table class="result"><tr><th>Exception</th></tr><tr><td><div class="stacktrace">com.nag.nagp.customException.ElementNotClickable: 
WebElement busTickets_Menu [By.xpath: //a[@title=&apos;redBus&apos;]] Not Clickable
	at com.nag.nagp.selenium.keywords.SeleniumKeywords.click(SeleniumKeywords.java:81)
	at com.nag.nagp.applicationhelper.RedbusHelper.setJourneyDetails(RedbusHelper.java:51)
	at com.nag.nagp.testcases.Test_Redbus_BusTicket_BookingPage.Test_Validate_BusesSameSourceDestination(Test_Redbus_BusTicket_BookingPage.java:28)
	at java.util.concurrent.FutureTask.run(FutureTask.java:266)
	at java.util.concurrent.ThreadPoolExecutor.runWorker(ThreadPoolExecutor.java:1149)
	at java.util.concurrent.ThreadPoolExecutor$Worker.run(ThreadPoolExecutor.java:624)
	at java.lang.Thread.run(Thread.java:748)
... Removed 16 stack frames</div></td></tr></table><p class="totop"><a href="#summary">back to summary</a></p>
<h3 id="m6">com.nag.nagp.testcases.Test_Redbus_BusTicket_BookingPage#Test_Validate_BusTicket_Fields</h3><table class="result"><tr><th class="invisible"/></tr></table><p class="totop"><a href="#summary">back to summary</a></p>
<h2>Test Application - Firefox</h2><h3 id="m7">com.nag.nagp.testcases.Test_Redbus_BusTicket_BookingPage#Test_Validate_BusTicket_Fields</h3><table class="result"><tr><th class="invisible"/></tr></table><p class="totop"><a href="#summary">back to summary</a></p>
<h3 id="m8">com.nag.nagp.testcases.Test_Redbus_BusTicket_BookingPage#Test_Validate_BusesSameSourceDestination</h3><table class="result"><tr><th class="invisible"/></tr></table><p class="totop"><a href="#summary">back to summary</a></p>
</body>
</html>
