<!DOCTYPE html>

<html>
  <head>
  <meta charset='utf-8'>
  <title>TestNG reports</title>

    <link type="text/css" href="testng-reports.css" rel="stylesheet" />
    <script type="text/javascript" src="jquery-1.7.1.min.js"></script>
    <script type="text/javascript" src="testng-reports.js"></script>
    <script type="text/javascript" src="https://www.google.com/jsapi"></script>
    <script type='text/javascript'>
      google.load('visualization', '1', {packages:['table']});
      google.setOnLoadCallback(drawTable);
      var suiteTableInitFunctions = new Array();
      var suiteTableData = new Array();
    </script>
    <!--
      <script type="text/javascript" src="jquery-ui/js/jquery-ui-1.8.16.custom.min.js"></script>
     -->
  </head>

  <body>
    <div class="top-banner-root">
      <span class="top-banner-title-font">Test results</span>
      <br/>
      <span class="top-banner-font-1">1 suite, 2 failed tests</span>
    </div> <!-- top-banner-root -->
    <div class="navigator-root">
      <div class="navigator-suite-header">
        <span>All suites</span>
        <a href="#" class="collapse-all-link" title="Collapse/expand all the suites">
          <img class="collapse-all-icon" src="collapseall.gif">
          </img> <!-- collapse-all-icon -->
        </a> <!-- collapse-all-link -->
      </div> <!-- navigator-suite-header -->
      <div class="suite">
        <div class="rounded-window">
          <div class="suite-header light-rounded-window-top">
            <a href="#" class="navigator-link" panel-name="suite-Parallel_-_RegressionSuite">
              <span class="suite-name border-failed">Parallel - RegressionSuite</span>
            </a> <!-- navigator-link -->
          </div> <!-- suite-header light-rounded-window-top -->
          <div class="navigator-suite-content">
            <div class="suite-section-title">
              <span>Info</span>
            </div> <!-- suite-section-title -->
            <div class="suite-section-content">
              <ul>
                <li>
                  <a href="#" class="navigator-link " panel-name="test-xml-Parallel_-_RegressionSuite">
                    <span>D:\test\SeleniumProject_TestNG_Parallel_Grid\ParallelTestSuite.xml</span>
                  </a> <!-- navigator-link  -->
                </li>
                <li>
                  <a href="#" class="navigator-link " panel-name="testlist-Parallel_-_RegressionSuite">
                    <span class="test-stats">3 tests</span>
                  </a> <!-- navigator-link  -->
                </li>
                <li>
                  <a href="#" class="navigator-link " panel-name="group-Parallel_-_RegressionSuite">
                    <span>0 groups</span>
                  </a> <!-- navigator-link  -->
                </li>
                <li>
                  <a href="#" class="navigator-link " panel-name="times-Parallel_-_RegressionSuite">
                    <span>Times</span>
                  </a> <!-- navigator-link  -->
                </li>
                <li>
                  <a href="#" class="navigator-link " panel-name="reporter-Parallel_-_RegressionSuite">
                    <span>Reporter output</span>
                  </a> <!-- navigator-link  -->
                </li>
                <li>
                  <a href="#" class="navigator-link " panel-name="ignored-methods-Parallel_-_RegressionSuite">
                    <span>Ignored methods</span>
                  </a> <!-- navigator-link  -->
                </li>
                <li>
                  <a href="#" class="navigator-link " panel-name="chronological-Parallel_-_RegressionSuite">
                    <span>Chronological view</span>
                  </a> <!-- navigator-link  -->
                </li>
              </ul>
            </div> <!-- suite-section-content -->
            <div class="result-section">
              <div class="suite-section-title">
                <span>Results</span>
              </div> <!-- suite-section-title -->
              <div class="suite-section-content">
                <ul>
                  <li>
                    <span class="method-stats">6 methods, 2 failed,  1 skipped,  3 passed</span>
                  </li>
                  <li>
                    <span class="method-list-title failed">Failed methods</span>
                    <span class="show-or-hide-methods failed">
                      <a href="#" panel-name="suite-Parallel_-_RegressionSuite" class="hide-methods failed suite-Parallel_-_RegressionSuite"> (hide)</a> <!-- hide-methods failed suite-Parallel_-_RegressionSuite -->
                      <a href="#" panel-name="suite-Parallel_-_RegressionSuite" class="show-methods failed suite-Parallel_-_RegressionSuite"> (show)</a> <!-- show-methods failed suite-Parallel_-_RegressionSuite -->
                    </span>
                    <div class="method-list-content failed suite-Parallel_-_RegressionSuite">
                      <span>
                        <img width="3%" src="failed.png"/>
                        <a href="#" class="method navigator-link" panel-name="suite-Parallel_-_RegressionSuite" title="com.nag.nagp.testcases.Test_Redbus_BusTicket_BookingPage" hash-for-method="Test_Validate_BusTicket_Fields">Test_Validate_BusTicket_Fields</a> <!-- method navigator-link -->
                      </span>
                      <br/>
                      <span>
                        <img width="3%" src="failed.png"/>
                        <a href="#" class="method navigator-link" panel-name="suite-Parallel_-_RegressionSuite" title="com.nag.nagp.testcases.Test_Redbus_BusTicket_BookingPage" hash-for-method="Test_Validate_BusesSameSourceDestination">Test_Validate_BusesSameSourceDestination</a> <!-- method navigator-link -->
                      </span>
                      <br/>
                    </div> <!-- method-list-content failed suite-Parallel_-_RegressionSuite -->
                  </li>
                  <li>
                    <span class="method-list-title skipped">Skipped methods</span>
                    <span class="show-or-hide-methods skipped">
                      <a href="#" panel-name="suite-Parallel_-_RegressionSuite" class="hide-methods skipped suite-Parallel_-_RegressionSuite"> (hide)</a> <!-- hide-methods skipped suite-Parallel_-_RegressionSuite -->
                      <a href="#" panel-name="suite-Parallel_-_RegressionSuite" class="show-methods skipped suite-Parallel_-_RegressionSuite"> (show)</a> <!-- show-methods skipped suite-Parallel_-_RegressionSuite -->
                    </span>
                    <div class="method-list-content skipped suite-Parallel_-_RegressionSuite">
                      <span>
                        <img width="3%" src="skipped.png"/>
                        <a href="#" class="method navigator-link" panel-name="suite-Parallel_-_RegressionSuite" title="com.nag.nagp.testcases.Test_Redbus_BusTicket_BookingPage" hash-for-method="Test_Validate_BusesSameSourceDestination">Test_Validate_BusesSameSourceDestination</a> <!-- method navigator-link -->
                      </span>
                      <br/>
                    </div> <!-- method-list-content skipped suite-Parallel_-_RegressionSuite -->
                  </li>
                  <li>
                    <span class="method-list-title passed">Passed methods</span>
                    <span class="show-or-hide-methods passed">
                      <a href="#" panel-name="suite-Parallel_-_RegressionSuite" class="hide-methods passed suite-Parallel_-_RegressionSuite"> (hide)</a> <!-- hide-methods passed suite-Parallel_-_RegressionSuite -->
                      <a href="#" panel-name="suite-Parallel_-_RegressionSuite" class="show-methods passed suite-Parallel_-_RegressionSuite"> (show)</a> <!-- show-methods passed suite-Parallel_-_RegressionSuite -->
                    </span>
                    <div class="method-list-content passed suite-Parallel_-_RegressionSuite">
                      <span>
                        <img width="3%" src="passed.png"/>
                        <a href="#" class="method navigator-link" panel-name="suite-Parallel_-_RegressionSuite" title="com.nag.nagp.testcases.Test_Redbus_BusTicket_BookingPage" hash-for-method="Test_Validate_BusTicket_Fields">Test_Validate_BusTicket_Fields</a> <!-- method navigator-link -->
                      </span>
                      <br/>
                      <span>
                        <img width="3%" src="passed.png"/>
                        <a href="#" class="method navigator-link" panel-name="suite-Parallel_-_RegressionSuite" title="com.nag.nagp.testcases.Test_Redbus_BusTicket_BookingPage" hash-for-method="Test_Validate_BusTicket_Fields">Test_Validate_BusTicket_Fields</a> <!-- method navigator-link -->
                      </span>
                      <br/>
                      <span>
                        <img width="3%" src="passed.png"/>
                        <a href="#" class="method navigator-link" panel-name="suite-Parallel_-_RegressionSuite" title="com.nag.nagp.testcases.Test_Redbus_BusTicket_BookingPage" hash-for-method="Test_Validate_BusesSameSourceDestination">Test_Validate_BusesSameSourceDestination</a> <!-- method navigator-link -->
                      </span>
                      <br/>
                    </div> <!-- method-list-content passed suite-Parallel_-_RegressionSuite -->
                  </li>
                </ul>
              </div> <!-- suite-section-content -->
            </div> <!-- result-section -->
          </div> <!-- navigator-suite-content -->
        </div> <!-- rounded-window -->
      </div> <!-- suite -->
    </div> <!-- navigator-root -->
    <div class="wrapper">
      <div class="main-panel-root">
        <div panel-name="suite-Parallel_-_RegressionSuite" class="panel Parallel_-_RegressionSuite">
          <div class="suite-Parallel_-_RegressionSuite-class-failed">
            <div class="main-panel-header rounded-window-top">
              <img src="failed.png"/>
              <span class="class-name">com.nag.nagp.testcases.Test_Redbus_BusTicket_BookingPage</span>
            </div> <!-- main-panel-header rounded-window-top -->
            <div class="main-panel-content rounded-window-bottom">
              <div class="method">
                <div class="method-content">
                  <a name="Test_Validate_BusTicket_Fields">
                  </a> <!-- Test_Validate_BusTicket_Fields -->
                  <span class="method-name">Test_Validate_BusTicket_Fields</span>
                  <div class="stack-trace">com.nag.nagp.customException.ElementNotFound: 
Element busTickets_Menu [By.xpath: //a[@title=&apos;redBus&apos;]] Not found
	at com.nag.nagp.selenium.keywords.SeleniumKeywords.verifyElementPresence(SeleniumKeywords.java:44)
	at com.nag.nagp.selenium.keywords.SeleniumKeywords.click(SeleniumKeywords.java:75)
	at com.nag.nagp.testcases.Test_Redbus_BusTicket_BookingPage.Test_Validate_BusTicket_Fields(Test_Redbus_BusTicket_BookingPage.java:18)
	at java.util.concurrent.FutureTask.run(FutureTask.java:266)
	at java.util.concurrent.ThreadPoolExecutor.runWorker(ThreadPoolExecutor.java:1149)
	at java.util.concurrent.ThreadPoolExecutor$Worker.run(ThreadPoolExecutor.java:624)
	at java.lang.Thread.run(Thread.java:748)
... Removed 16 stack frames
</div> <!-- stack-trace -->
                  <em>
(Validate the fields on Redbus bus ticket page.)                  </em>
                </div> <!-- method-content -->
              </div> <!-- method -->
              <div class="method">
                <div class="method-content">
                  <a name="Test_Validate_BusesSameSourceDestination">
                  </a> <!-- Test_Validate_BusesSameSourceDestination -->
                  <span class="method-name">Test_Validate_BusesSameSourceDestination</span>
                  <div class="stack-trace">com.nag.nagp.customException.ElementNotClickable: 
WebElement busTickets_Menu [By.xpath: //a[@title=&apos;redBus&apos;]] Not Clickable
	at com.nag.nagp.selenium.keywords.SeleniumKeywords.click(SeleniumKeywords.java:81)
	at com.nag.nagp.applicationhelper.RedbusHelper.setJourneyDetails(RedbusHelper.java:51)
	at com.nag.nagp.testcases.Test_Redbus_BusTicket_BookingPage.Test_Validate_BusesSameSourceDestination(Test_Redbus_BusTicket_BookingPage.java:28)
	at java.util.concurrent.FutureTask.run(FutureTask.java:266)
	at java.util.concurrent.ThreadPoolExecutor.runWorker(ThreadPoolExecutor.java:1149)
	at java.util.concurrent.ThreadPoolExecutor$Worker.run(ThreadPoolExecutor.java:624)
	at java.lang.Thread.run(Thread.java:748)
... Removed 16 stack frames
</div> <!-- stack-trace -->
                  <em>
(Validate the number of buses when Source and Destination are same.)                  </em>
                </div> <!-- method-content -->
              </div> <!-- method -->
            </div> <!-- main-panel-content rounded-window-bottom -->
          </div> <!-- suite-Parallel_-_RegressionSuite-class-failed -->
          <div class="suite-Parallel_-_RegressionSuite-class-skipped">
            <div class="main-panel-header rounded-window-top">
              <img src="skipped.png"/>
              <span class="class-name">com.nag.nagp.testcases.Test_Redbus_BusTicket_BookingPage</span>
            </div> <!-- main-panel-header rounded-window-top -->
            <div class="main-panel-content rounded-window-bottom">
              <div class="method">
                <div class="method-content">
                  <a name="Test_Validate_BusesSameSourceDestination">
                  </a> <!-- Test_Validate_BusesSameSourceDestination -->
                  <span class="method-name">Test_Validate_BusesSameSourceDestination</span>
                  <div class="stack-trace">org.openqa.selenium.NoSuchWindowException: Unable to get browser
Build info: version: &apos;3.8.1&apos;, revision: &apos;6e95a6684b&apos;, time: &apos;2017-12-01T18:33:54.468Z&apos;
System info: host: &apos;SACHIN4597-01&apos;, ip: &apos;192.168.0.107&apos;, os.name: &apos;Windows 10&apos;, os.arch: &apos;amd64&apos;, os.version: &apos;10.0&apos;, java.version: &apos;1.8.0_201&apos;
Driver info: org.openqa.selenium.remote.RemoteWebDriver
Capabilities {acceptInsecureCerts: false, browserName: internet explorer, browserVersion: 11, javascriptEnabled: true, pageLoadStrategy: normal, platform: WINDOWS, platformName: WINDOWS, proxy: Proxy(), se:ieOptions: {browserAttachTimeout: 0, elementScrollBehavior: 0, enablePersistentHover: true, ie.browserCommandLineSwitches: , ie.ensureCleanSession: false, ie.fileUploadDialogTimeout: 3000, ie.forceCreateProcessApi: false, ignoreProtectedModeSettings: false, ignoreZoomSetting: false, initialBrowserUrl: http://localhost:27239/, nativeEvents: true, requireWindowFocus: false}, setWindowRect: true, timeouts: {implicit: 0, pageLoad: 300000, script: 30000}, webdriver.remote.sessionid: 79683a57-5aa5-4b91-ac45-17f...}
Session ID: 79683a57-5aa5-4b91-ac45-17f955ac6084
	at org.openqa.selenium.remote.http.W3CHttpResponseCodec.createException(W3CHttpResponseCodec.java:187)
	at org.openqa.selenium.remote.http.W3CHttpResponseCodec.decode(W3CHttpResponseCodec.java:122)
	at org.openqa.selenium.remote.http.W3CHttpResponseCodec.decode(W3CHttpResponseCodec.java:49)
	at org.openqa.selenium.remote.HttpCommandExecutor.execute(HttpCommandExecutor.java:164)
	at org.openqa.selenium.remote.RemoteWebDriver.execute(RemoteWebDriver.java:601)
	at org.openqa.selenium.remote.RemoteWebDriver.execute(RemoteWebDriver.java:658)
	at org.openqa.selenium.remote.RemoteWebDriver.getScreenshotAs(RemoteWebDriver.java:343)
	at com.nag.nagp.selenium.keywords.SeleniumKeywords.getScreenshot(SeleniumKeywords.java:137)
	at com.nag.nagp.reporterLogger.ReportFactory.fail(ReportFactory.java:115)
	at com.nag.nagp.testcasebase.TestCasesBase.getResult(TestCasesBase.java:90)
	at java.util.concurrent.FutureTask.run(FutureTask.java:266)
	at java.util.concurrent.ThreadPoolExecutor.runWorker(ThreadPoolExecutor.java:1149)
	at java.util.concurrent.ThreadPoolExecutor$Worker.run(ThreadPoolExecutor.java:624)
	at java.lang.Thread.run(Thread.java:748)
... Removed 23 stack frames
</div> <!-- stack-trace -->
                  <em>
(Validate the number of buses when Source and Destination are same.)                  </em>
                </div> <!-- method-content -->
              </div> <!-- method -->
            </div> <!-- main-panel-content rounded-window-bottom -->
          </div> <!-- suite-Parallel_-_RegressionSuite-class-skipped -->
          <div class="suite-Parallel_-_RegressionSuite-class-passed">
            <div class="main-panel-header rounded-window-top">
              <img src="passed.png"/>
              <span class="class-name">com.nag.nagp.testcases.Test_Redbus_BusTicket_BookingPage</span>
            </div> <!-- main-panel-header rounded-window-top -->
            <div class="main-panel-content rounded-window-bottom">
              <div class="method">
                <div class="method-content">
                  <a name="Test_Validate_BusTicket_Fields">
                  </a> <!-- Test_Validate_BusTicket_Fields -->
                  <span class="method-name">Test_Validate_BusTicket_Fields</span>
                  <em>
(Validate the fields on Redbus bus ticket page.)                  </em>
                </div> <!-- method-content -->
              </div> <!-- method -->
              <div class="method">
                <div class="method-content">
                  <a name="Test_Validate_BusTicket_Fields">
                  </a> <!-- Test_Validate_BusTicket_Fields -->
                  <span class="method-name">Test_Validate_BusTicket_Fields</span>
                  <em>
(Validate the fields on Redbus bus ticket page.)                  </em>
                </div> <!-- method-content -->
              </div> <!-- method -->
              <div class="method">
                <div class="method-content">
                  <a name="Test_Validate_BusesSameSourceDestination">
                  </a> <!-- Test_Validate_BusesSameSourceDestination -->
                  <span class="method-name">Test_Validate_BusesSameSourceDestination</span>
                  <em>
(Validate the number of buses when Source and Destination are same.)                  </em>
                </div> <!-- method-content -->
              </div> <!-- method -->
            </div> <!-- main-panel-content rounded-window-bottom -->
          </div> <!-- suite-Parallel_-_RegressionSuite-class-passed -->
        </div> <!-- panel Parallel_-_RegressionSuite -->
        <div panel-name="test-xml-Parallel_-_RegressionSuite" class="panel">
          <div class="main-panel-header rounded-window-top">
            <span class="header-content">D:\test\SeleniumProject_TestNG_Parallel_Grid\ParallelTestSuite.xml</span>
          </div> <!-- main-panel-header rounded-window-top -->
          <div class="main-panel-content rounded-window-bottom">
            <pre>
&lt;?xml version=&quot;1.0&quot; encoding=&quot;UTF-8&quot;?&gt;
&lt;!DOCTYPE suite SYSTEM &quot;http://testng.org/testng-1.0.dtd&quot;&gt;
&lt;suite guice-stage=&quot;DEVELOPMENT&quot; name=&quot;Parallel - RegressionSuite&quot; parallel=&quot;tests&quot;&gt;
  &lt;listeners&gt;
    &lt;listener class-name=&quot;com.nag.nagp.testListeners.TestListener&quot;/&gt;
  &lt;/listeners&gt;
  &lt;test thread-count=&quot;5&quot; name=&quot;Test Application - Chrome&quot; parallel=&quot;tests&quot;&gt;
    &lt;parameter name=&quot;browser&quot; value=&quot;chrome&quot;/&gt;
    &lt;classes&gt;
      &lt;class name=&quot;com.nag.nagp.testcases.Test_Redbus_BusTicket_BookingPage&quot;/&gt;
    &lt;/classes&gt;
  &lt;/test&gt; &lt;!-- Test Application - Chrome --&gt;
  &lt;test thread-count=&quot;5&quot; name=&quot;Test Application - Firefox&quot; parallel=&quot;tests&quot;&gt;
    &lt;parameter name=&quot;browser&quot; value=&quot;firefox&quot;/&gt;
    &lt;classes&gt;
      &lt;class name=&quot;com.nag.nagp.testcases.Test_Redbus_BusTicket_BookingPage&quot;/&gt;
    &lt;/classes&gt;
  &lt;/test&gt; &lt;!-- Test Application - Firefox --&gt;
  &lt;test thread-count=&quot;5&quot; name=&quot;Test Application - IE&quot; parallel=&quot;tests&quot;&gt;
    &lt;parameter name=&quot;browser&quot; value=&quot;IE&quot;/&gt;
    &lt;classes&gt;
      &lt;class name=&quot;com.nag.nagp.testcases.Test_Redbus_BusTicket_BookingPage&quot;/&gt;
    &lt;/classes&gt;
  &lt;/test&gt; &lt;!-- Test Application - IE --&gt;
&lt;/suite&gt; &lt;!-- Parallel - RegressionSuite --&gt;
            </pre>
          </div> <!-- main-panel-content rounded-window-bottom -->
        </div> <!-- panel -->
        <div panel-name="testlist-Parallel_-_RegressionSuite" class="panel">
          <div class="main-panel-header rounded-window-top">
            <span class="header-content">Tests for Parallel - RegressionSuite</span>
          </div> <!-- main-panel-header rounded-window-top -->
          <div class="main-panel-content rounded-window-bottom">
            <ul>
              <li>
                <span class="test-name">Test Application - Chrome (1 class)</span>
              </li>
              <li>
                <span class="test-name">Test Application - Firefox (1 class)</span>
              </li>
              <li>
                <span class="test-name">Test Application - IE (1 class)</span>
              </li>
            </ul>
          </div> <!-- main-panel-content rounded-window-bottom -->
        </div> <!-- panel -->
        <div panel-name="group-Parallel_-_RegressionSuite" class="panel">
          <div class="main-panel-header rounded-window-top">
            <span class="header-content">Groups for Parallel - RegressionSuite</span>
          </div> <!-- main-panel-header rounded-window-top -->
          <div class="main-panel-content rounded-window-bottom">
          </div> <!-- main-panel-content rounded-window-bottom -->
        </div> <!-- panel -->
        <div panel-name="times-Parallel_-_RegressionSuite" class="panel">
          <div class="main-panel-header rounded-window-top">
            <span class="header-content">Times for Parallel - RegressionSuite</span>
          </div> <!-- main-panel-header rounded-window-top -->
          <div class="main-panel-content rounded-window-bottom">
            <div class="times-div">
              <script type="text/javascript">
suiteTableInitFunctions.push('tableData_Parallel_-_RegressionSuite');
function tableData_Parallel_-_RegressionSuite() {
var data = new google.visualization.DataTable();
data.addColumn('number', 'Number');
data.addColumn('string', 'Method');
data.addColumn('string', 'Class');
data.addColumn('number', 'Time (ms)');
data.addRows(6);
data.setCell(0, 0, 0)
data.setCell(0, 1, 'Test_Validate_BusesSameSourceDestination')
data.setCell(0, 2, 'com.nag.nagp.testcases.Test_Redbus_BusTicket_BookingPage')
data.setCell(0, 3, 7641);
data.setCell(1, 0, 1)
data.setCell(1, 1, 'Test_Validate_BusesSameSourceDestination')
data.setCell(1, 2, 'com.nag.nagp.testcases.Test_Redbus_BusTicket_BookingPage')
data.setCell(1, 3, 2097);
data.setCell(2, 0, 2)
data.setCell(2, 1, 'Test_Validate_BusTicket_Fields')
data.setCell(2, 2, 'com.nag.nagp.testcases.Test_Redbus_BusTicket_BookingPage')
data.setCell(2, 3, 2053);
data.setCell(3, 0, 3)
data.setCell(3, 1, 'Test_Validate_BusTicket_Fields')
data.setCell(3, 2, 'com.nag.nagp.testcases.Test_Redbus_BusTicket_BookingPage')
data.setCell(3, 3, 1927);
data.setCell(4, 0, 4)
data.setCell(4, 1, 'Test_Validate_BusTicket_Fields')
data.setCell(4, 2, 'com.nag.nagp.testcases.Test_Redbus_BusTicket_BookingPage')
data.setCell(4, 3, 418);
data.setCell(5, 0, 5)
data.setCell(5, 1, 'Test_Validate_BusesSameSourceDestination')
data.setCell(5, 2, 'com.nag.nagp.testcases.Test_Redbus_BusTicket_BookingPage')
data.setCell(5, 3, 0);
window.suiteTableData['Parallel_-_RegressionSuite']= { tableData: data, tableDiv: 'times-div-Parallel_-_RegressionSuite'}
return data;
}
              </script>
              <span class="suite-total-time">Total running time: 14 seconds</span>
              <div id="times-div-Parallel_-_RegressionSuite">
              </div> <!-- times-div-Parallel_-_RegressionSuite -->
            </div> <!-- times-div -->
          </div> <!-- main-panel-content rounded-window-bottom -->
        </div> <!-- panel -->
        <div panel-name="reporter-Parallel_-_RegressionSuite" class="panel">
          <div class="main-panel-header rounded-window-top">
            <span class="header-content">Reporter output for Parallel - RegressionSuite</span>
          </div> <!-- main-panel-header rounded-window-top -->
          <div class="main-panel-content rounded-window-bottom">
          </div> <!-- main-panel-content rounded-window-bottom -->
        </div> <!-- panel -->
        <div panel-name="ignored-methods-Parallel_-_RegressionSuite" class="panel">
          <div class="main-panel-header rounded-window-top">
            <span class="header-content">0 ignored methods</span>
          </div> <!-- main-panel-header rounded-window-top -->
          <div class="main-panel-content rounded-window-bottom">
          </div> <!-- main-panel-content rounded-window-bottom -->
        </div> <!-- panel -->
        <div panel-name="chronological-Parallel_-_RegressionSuite" class="panel">
          <div class="main-panel-header rounded-window-top">
            <span class="header-content">Methods in chronological order</span>
          </div> <!-- main-panel-header rounded-window-top -->
          <div class="main-panel-content rounded-window-bottom">
            <div class="chronological-class">
              <div class="chronological-class-name">com.nag.nagp.testcases.Test_Redbus_BusTicket_BookingPage</div> <!-- chronological-class-name -->
              <div class="test-method">
                <span class="method-name">Test_Validate_BusesSameSourceDestination</span>
                <span class="method-start">0 ms</span>
              </div> <!-- test-method -->
              <div class="configuration-suite before">
                <span class="method-name">beforeSuite</span>
                <span class="method-start">0 ms</span>
              </div> <!-- configuration-suite before -->
              <div class="configuration-test before">
                <span class="method-name">beforeTest(firefox)</span>
                <span class="method-start">107 ms</span>
              </div> <!-- configuration-test before -->
              <div class="configuration-test before">
                <span class="method-name">beforeTest(chrome)</span>
                <span class="method-start">108 ms</span>
              </div> <!-- configuration-test before -->
              <div class="configuration-test before">
                <span class="method-name">beforeTest(IE)</span>
                <span class="method-start">108 ms</span>
              </div> <!-- configuration-test before -->
              <div class="configuration-method before">
                <span class="method-name">initializeRestClient(public void com.nag.nagp.testcases.Test_Redbus_BusTicket_BookingPage.Test_Validate_BusTicket_Fields(...)</span>
                <span class="method-start">2787 ms</span>
              </div> <!-- configuration-method before -->
              <div class="test-method">
                <img src="failed.png">
                </img>
                <span class="method-name">Test_Validate_BusTicket_Fields</span>
                <span class="method-start">2952 ms</span>
              </div> <!-- test-method -->
              <div class="configuration-method before">
                <span class="method-name">initializeRestClient(public void com.nag.nagp.testcases.Test_Redbus_BusTicket_BookingPage.Test_Validate_BusTicket_Fields(...)</span>
                <span class="method-start">3115 ms</span>
              </div> <!-- configuration-method before -->
              <div class="configuration-method after">
                <img src="failed.png">
                </img>
                <span class="method-name">getResult([TestResult name=Test_Validate_BusTicket_Fields status=FAILURE method=Test_Redbus_BusTicket_BookingP...)</span>
                <span class="method-start">3374 ms</span>
              </div> <!-- configuration-method after -->
              <div class="configuration-test after">
                <span class="method-name">tearDown(IE)</span>
                <span class="method-start">3449 ms</span>
              </div> <!-- configuration-test after -->
              <div class="configuration-method before">
                <span class="method-name">initializeRestClient(public void com.nag.nagp.testcases.Test_Redbus_BusTicket_BookingPage.Test_Validate_BusTicket_Fields(...)</span>
                <span class="method-start">5318 ms</span>
              </div> <!-- configuration-method before -->
              <div class="test-method">
                <span class="method-name">Test_Validate_BusTicket_Fields</span>
                <span class="method-start">5334 ms</span>
              </div> <!-- test-method -->
              <div class="configuration-method after">
                <span class="method-name">getResult([TestResult name=Test_Validate_BusTicket_Fields status=SUCCESS method=Test_Redbus_BusTicket_BookingP...)</span>
                <span class="method-start">7262 ms</span>
              </div> <!-- configuration-method after -->
              <div class="configuration-method before">
                <span class="method-name">initializeRestClient(public void com.nag.nagp.testcases.Test_Redbus_BusTicket_BookingPage.Test_Validate_BusesSameSourceDe...)</span>
                <span class="method-start">7263 ms</span>
              </div> <!-- configuration-method before -->
              <div class="test-method">
                <img src="failed.png">
                </img>
                <span class="method-name">Test_Validate_BusesSameSourceDestination</span>
                <span class="method-start">8049 ms</span>
              </div> <!-- test-method -->
              <div class="test-method">
                <span class="method-name">Test_Validate_BusTicket_Fields</span>
                <span class="method-start">8557 ms</span>
              </div> <!-- test-method -->
              <div class="configuration-method after">
                <span class="method-name">getResult([TestResult name=Test_Validate_BusesSameSourceDestination status=FAILURE method=Test_Redbus_BusTicke...)</span>
                <span class="method-start">10148 ms</span>
              </div> <!-- configuration-method after -->
              <div class="configuration-method after">
                <span class="method-name">getResult([TestResult name=Test_Validate_BusTicket_Fields status=SUCCESS method=Test_Redbus_BusTicket_BookingP...)</span>
                <span class="method-start">10611 ms</span>
              </div> <!-- configuration-method after -->
              <div class="configuration-method before">
                <span class="method-name">initializeRestClient(public void com.nag.nagp.testcases.Test_Redbus_BusTicket_BookingPage.Test_Validate_BusesSameSourceDe...)</span>
                <span class="method-start">10613 ms</span>
              </div> <!-- configuration-method before -->
              <div class="configuration-test after">
                <span class="method-name">tearDown(chrome)</span>
                <span class="method-start">10995 ms</span>
              </div> <!-- configuration-test after -->
              <div class="test-method">
                <span class="method-name">Test_Validate_BusesSameSourceDestination</span>
                <span class="method-start">11665 ms</span>
              </div> <!-- test-method -->
              <div class="configuration-method after">
                <span class="method-name">getResult([TestResult name=Test_Validate_BusesSameSourceDestination status=SUCCESS method=Test_Redbus_BusTicke...)</span>
                <span class="method-start">19307 ms</span>
              </div> <!-- configuration-method after -->
              <div class="configuration-test after">
                <span class="method-name">tearDown(firefox)</span>
                <span class="method-start">19307 ms</span>
              </div> <!-- configuration-test after -->
          </div> <!-- main-panel-content rounded-window-bottom -->
        </div> <!-- panel -->
      </div> <!-- main-panel-root -->
    </div> <!-- wrapper -->
  </body>
</html>
