<?xml version="1.0" encoding="UTF-8"?>
<testng-results skipped="1" failed="2" ignored="0" total="6" passed="3">
  <reporter-output>
  </reporter-output>
  <suite name="Parallel - RegressionSuite" duration-ms="20696" started-at="2019-08-04T10:16:14Z" finished-at="2019-08-04T10:16:35Z">
    <groups>
    </groups>
    <test name="Test Application - IE" duration-ms="3916" started-at="2019-08-04T10:16:14Z" finished-at="2019-08-04T10:16:18Z">
      <class name="com.nag.nagp.testcases.Test_Redbus_BusTicket_BookingPage">
        <test-method status="PASS" signature="beforeSuite()[pri:0, instance:com.nag.nagp.testcases.Test_Redbus_BusTicket_BookingPage@1990a65e]" name="beforeSuite" is-config="true" duration-ms="103" started-at="2019-08-04T10:16:14Z" finished-at="2019-08-04T10:16:14Z">
          <reporter-output>
          </reporter-output>
        </test-method> <!-- beforeSuite -->
        <test-method status="PASS" signature="beforeTest(java.lang.String)[pri:0, instance:com.nag.nagp.testcases.Test_Redbus_BusTicket_BookingPage@1990a65e]" name="beforeTest" is-config="true" duration-ms="2671" started-at="2019-08-04T10:16:14Z" finished-at="2019-08-04T10:16:17Z">
          <params>
            <param index="0">
              <value>
                <![CDATA[IE]]>
              </value>
            </param>
          </params>
          <reporter-output>
          </reporter-output>
        </test-method> <!-- beforeTest -->
        <test-method status="PASS" signature="initializeRestClient(java.lang.reflect.Method, org.testng.ITestResult)[pri:0, instance:com.nag.nagp.testcases.Test_Redbus_BusTicket_BookingPage@1990a65e]" name="initializeRestClient" is-config="true" duration-ms="164" started-at="2019-08-04T10:16:17Z" finished-at="2019-08-04T10:16:17Z">
          <params>
            <param index="0">
              <value>
                <![CDATA[public void com.nag.nagp.testcases.Test_Redbus_BusTicket_BookingPage.Test_Validate_BusTicket_Fields() throws com.nag.nagp.customException.ElementNotFound,com.nag.nagp.customException.ElementNotClickable]]>
              </value>
            </param>
            <param index="1">
              <value>
                <![CDATA[[TestResult name=Test_Validate_BusTicket_Fields status=FAILURE method=Test_Redbus_BusTicket_BookingPage.Test_Validate_BusTicket_Fields()[pri:0, instance:com.nag.nagp.testcases.Test_Redbus_BusTicket_BookingPage@1990a65e] output={null}]]]>
              </value>
            </param>
          </params>
          <reporter-output>
          </reporter-output>
        </test-method> <!-- initializeRestClient -->
        <test-method status="FAIL" signature="Test_Validate_BusTicket_Fields()[pri:0, instance:com.nag.nagp.testcases.Test_Redbus_BusTicket_BookingPage@1990a65e]" name="Test_Validate_BusTicket_Fields" duration-ms="418" started-at="2019-08-04T10:16:17Z" description="Validate the fields on Redbus bus ticket page." finished-at="2019-08-04T10:16:18Z">
          <exception class="com.nag.nagp.customException.ElementNotFound">
            <message>
              <![CDATA[
Element busTickets_Menu [By.xpath: //a[@title='redBus']] Not found]]>
            </message>
            <full-stacktrace>
              <![CDATA[com.nag.nagp.customException.ElementNotFound: 
Element busTickets_Menu [By.xpath: //a[@title='redBus']] Not found
at com.nag.nagp.selenium.keywords.SeleniumKeywords.verifyElementPresence(SeleniumKeywords.java:44)
at com.nag.nagp.selenium.keywords.SeleniumKeywords.click(SeleniumKeywords.java:75)
at com.nag.nagp.testcases.Test_Redbus_BusTicket_BookingPage.Test_Validate_BusTicket_Fields(Test_Redbus_BusTicket_BookingPage.java:18)
at sun.reflect.NativeMethodAccessorImpl.invoke0(Native Method)
at sun.reflect.NativeMethodAccessorImpl.invoke(NativeMethodAccessorImpl.java:62)
at sun.reflect.DelegatingMethodAccessorImpl.invoke(DelegatingMethodAccessorImpl.java:43)
at java.lang.reflect.Method.invoke(Method.java:498)
at org.testng.internal.MethodInvocationHelper.invokeMethod(MethodInvocationHelper.java:124)
at org.testng.internal.Invoker.invokeMethod(Invoker.java:583)
at org.testng.internal.Invoker.invokeTestMethod(Invoker.java:719)
at org.testng.internal.Invoker.invokeTestMethods(Invoker.java:989)
at org.testng.internal.TestMethodWorker.invokeTestMethods(TestMethodWorker.java:125)
at org.testng.internal.TestMethodWorker.run(TestMethodWorker.java:109)
at org.testng.TestRunner.privateRun(TestRunner.java:648)
at org.testng.TestRunner.run(TestRunner.java:505)
at org.testng.SuiteRunner.runTest(SuiteRunner.java:455)
at org.testng.SuiteRunner.access$000(SuiteRunner.java:40)
at org.testng.SuiteRunner$SuiteWorker.run(SuiteRunner.java:489)
at org.testng.internal.thread.ThreadUtil$1.call(ThreadUtil.java:52)
at java.util.concurrent.FutureTask.run(FutureTask.java:266)
at java.util.concurrent.ThreadPoolExecutor.runWorker(ThreadPoolExecutor.java:1149)
at java.util.concurrent.ThreadPoolExecutor$Worker.run(ThreadPoolExecutor.java:624)
at java.lang.Thread.run(Thread.java:748)
]]>
            </full-stacktrace>
          </exception> <!-- com.nag.nagp.customException.ElementNotFound -->
          <reporter-output>
          </reporter-output>
        </test-method> <!-- Test_Validate_BusTicket_Fields -->
        <test-method status="FAIL" signature="getResult(org.testng.ITestResult)[pri:0, instance:com.nag.nagp.testcases.Test_Redbus_BusTicket_BookingPage@1990a65e]" name="getResult" is-config="true" duration-ms="50" started-at="2019-08-04T10:16:18Z" finished-at="2019-08-04T10:16:18Z">
          <params>
            <param index="0">
              <value>
                <![CDATA[[TestResult name=Test_Validate_BusTicket_Fields status=FAILURE method=Test_Redbus_BusTicket_BookingPage.Test_Validate_BusTicket_Fields()[pri:0, instance:com.nag.nagp.testcases.Test_Redbus_BusTicket_BookingPage@1990a65e] output={null}]]]>
              </value>
            </param>
          </params>
          <exception class="org.openqa.selenium.NoSuchWindowException">
            <message>
              <![CDATA[Unable to get browser
Build info: version: '3.8.1', revision: '6e95a6684b', time: '2017-12-01T18:33:54.468Z'
System info: host: 'SACHIN4597-01', ip: '192.168.0.107', os.name: 'Windows 10', os.arch: 'amd64', os.version: '10.0', java.version: '1.8.0_201'
Driver info: org.openqa.selenium.remote.RemoteWebDriver
Capabilities {acceptInsecureCerts: false, browserName: internet explorer, browserVersion: 11, javascriptEnabled: true, pageLoadStrategy: normal, platform: WINDOWS, platformName: WINDOWS, proxy: Proxy(), se:ieOptions: {browserAttachTimeout: 0, elementScrollBehavior: 0, enablePersistentHover: true, ie.browserCommandLineSwitches: , ie.ensureCleanSession: false, ie.fileUploadDialogTimeout: 3000, ie.forceCreateProcessApi: false, ignoreProtectedModeSettings: false, ignoreZoomSetting: false, initialBrowserUrl: http://localhost:27239/, nativeEvents: true, requireWindowFocus: false}, setWindowRect: true, timeouts: {implicit: 0, pageLoad: 300000, script: 30000}, webdriver.remote.sessionid: 79683a57-5aa5-4b91-ac45-17f...}
Session ID: 79683a57-5aa5-4b91-ac45-17f955ac6084]]>
            </message>
            <full-stacktrace>
              <![CDATA[org.openqa.selenium.NoSuchWindowException: Unable to get browser
Build info: version: '3.8.1', revision: '6e95a6684b', time: '2017-12-01T18:33:54.468Z'
System info: host: 'SACHIN4597-01', ip: '192.168.0.107', os.name: 'Windows 10', os.arch: 'amd64', os.version: '10.0', java.version: '1.8.0_201'
Driver info: org.openqa.selenium.remote.RemoteWebDriver
Capabilities {acceptInsecureCerts: false, browserName: internet explorer, browserVersion: 11, javascriptEnabled: true, pageLoadStrategy: normal, platform: WINDOWS, platformName: WINDOWS, proxy: Proxy(), se:ieOptions: {browserAttachTimeout: 0, elementScrollBehavior: 0, enablePersistentHover: true, ie.browserCommandLineSwitches: , ie.ensureCleanSession: false, ie.fileUploadDialogTimeout: 3000, ie.forceCreateProcessApi: false, ignoreProtectedModeSettings: false, ignoreZoomSetting: false, initialBrowserUrl: http://localhost:27239/, nativeEvents: true, requireWindowFocus: false}, setWindowRect: true, timeouts: {implicit: 0, pageLoad: 300000, script: 30000}, webdriver.remote.sessionid: 79683a57-5aa5-4b91-ac45-17f...}
Session ID: 79683a57-5aa5-4b91-ac45-17f955ac6084
at sun.reflect.NativeConstructorAccessorImpl.newInstance0(Native Method)
at sun.reflect.NativeConstructorAccessorImpl.newInstance(NativeConstructorAccessorImpl.java:62)
at sun.reflect.DelegatingConstructorAccessorImpl.newInstance(DelegatingConstructorAccessorImpl.java:45)
at java.lang.reflect.Constructor.newInstance(Constructor.java:423)
at org.openqa.selenium.remote.http.W3CHttpResponseCodec.createException(W3CHttpResponseCodec.java:187)
at org.openqa.selenium.remote.http.W3CHttpResponseCodec.decode(W3CHttpResponseCodec.java:122)
at org.openqa.selenium.remote.http.W3CHttpResponseCodec.decode(W3CHttpResponseCodec.java:49)
at org.openqa.selenium.remote.HttpCommandExecutor.execute(HttpCommandExecutor.java:164)
at org.openqa.selenium.remote.RemoteWebDriver.execute(RemoteWebDriver.java:601)
at org.openqa.selenium.remote.RemoteWebDriver.execute(RemoteWebDriver.java:658)
at org.openqa.selenium.remote.RemoteWebDriver.getScreenshotAs(RemoteWebDriver.java:343)
at com.nag.nagp.selenium.keywords.SeleniumKeywords.getScreenshot(SeleniumKeywords.java:137)
at com.nag.nagp.reporterLogger.ReportFactory.fail(ReportFactory.java:115)
at com.nag.nagp.testcasebase.TestCasesBase.getResult(TestCasesBase.java:90)
at sun.reflect.NativeMethodAccessorImpl.invoke0(Native Method)
at sun.reflect.NativeMethodAccessorImpl.invoke(NativeMethodAccessorImpl.java:62)
at sun.reflect.DelegatingMethodAccessorImpl.invoke(DelegatingMethodAccessorImpl.java:43)
at java.lang.reflect.Method.invoke(Method.java:498)
at org.testng.internal.MethodInvocationHelper.invokeMethod(MethodInvocationHelper.java:124)
at org.testng.internal.MethodInvocationHelper.invokeMethodConsideringTimeout(MethodInvocationHelper.java:59)
at org.testng.internal.Invoker.invokeConfigurationMethod(Invoker.java:458)
at org.testng.internal.Invoker.invokeConfigurations(Invoker.java:222)
at org.testng.internal.Invoker.invokeMethod(Invoker.java:646)
at org.testng.internal.Invoker.invokeTestMethod(Invoker.java:719)
at org.testng.internal.Invoker.invokeTestMethods(Invoker.java:989)
at org.testng.internal.TestMethodWorker.invokeTestMethods(TestMethodWorker.java:125)
at org.testng.internal.TestMethodWorker.run(TestMethodWorker.java:109)
at org.testng.TestRunner.privateRun(TestRunner.java:648)
at org.testng.TestRunner.run(TestRunner.java:505)
at org.testng.SuiteRunner.runTest(SuiteRunner.java:455)
at org.testng.SuiteRunner.access$000(SuiteRunner.java:40)
at org.testng.SuiteRunner$SuiteWorker.run(SuiteRunner.java:489)
at org.testng.internal.thread.ThreadUtil$1.call(ThreadUtil.java:52)
at java.util.concurrent.FutureTask.run(FutureTask.java:266)
at java.util.concurrent.ThreadPoolExecutor.runWorker(ThreadPoolExecutor.java:1149)
at java.util.concurrent.ThreadPoolExecutor$Worker.run(ThreadPoolExecutor.java:624)
at java.lang.Thread.run(Thread.java:748)
]]>
            </full-stacktrace>
          </exception> <!-- org.openqa.selenium.NoSuchWindowException -->
          <reporter-output>
          </reporter-output>
        </test-method> <!-- getResult -->
        <test-method status="SKIP" signature="initializeRestClient(java.lang.reflect.Method, org.testng.ITestResult)[pri:0, instance:com.nag.nagp.testcases.Test_Redbus_BusTicket_BookingPage@1990a65e]" name="initializeRestClient" is-config="true" duration-ms="0" started-at="2019-08-04T10:16:18Z" finished-at="2019-08-04T10:16:18Z">
          <reporter-output>
          </reporter-output>
        </test-method> <!-- initializeRestClient -->
        <test-method status="SKIP" signature="Test_Validate_BusesSameSourceDestination()[pri:0, instance:com.nag.nagp.testcases.Test_Redbus_BusTicket_BookingPage@1990a65e]" name="Test_Validate_BusesSameSourceDestination" duration-ms="0" started-at="2019-08-04T10:16:18Z" description="Validate the number of buses when Source and Destination are same." finished-at="2019-08-04T10:16:18Z">
          <exception class="org.openqa.selenium.NoSuchWindowException">
            <message>
              <![CDATA[Unable to get browser
Build info: version: '3.8.1', revision: '6e95a6684b', time: '2017-12-01T18:33:54.468Z'
System info: host: 'SACHIN4597-01', ip: '192.168.0.107', os.name: 'Windows 10', os.arch: 'amd64', os.version: '10.0', java.version: '1.8.0_201'
Driver info: org.openqa.selenium.remote.RemoteWebDriver
Capabilities {acceptInsecureCerts: false, browserName: internet explorer, browserVersion: 11, javascriptEnabled: true, pageLoadStrategy: normal, platform: WINDOWS, platformName: WINDOWS, proxy: Proxy(), se:ieOptions: {browserAttachTimeout: 0, elementScrollBehavior: 0, enablePersistentHover: true, ie.browserCommandLineSwitches: , ie.ensureCleanSession: false, ie.fileUploadDialogTimeout: 3000, ie.forceCreateProcessApi: false, ignoreProtectedModeSettings: false, ignoreZoomSetting: false, initialBrowserUrl: http://localhost:27239/, nativeEvents: true, requireWindowFocus: false}, setWindowRect: true, timeouts: {implicit: 0, pageLoad: 300000, script: 30000}, webdriver.remote.sessionid: 79683a57-5aa5-4b91-ac45-17f...}
Session ID: 79683a57-5aa5-4b91-ac45-17f955ac6084]]>
            </message>
            <full-stacktrace>
              <![CDATA[org.openqa.selenium.NoSuchWindowException: Unable to get browser
Build info: version: '3.8.1', revision: '6e95a6684b', time: '2017-12-01T18:33:54.468Z'
System info: host: 'SACHIN4597-01', ip: '192.168.0.107', os.name: 'Windows 10', os.arch: 'amd64', os.version: '10.0', java.version: '1.8.0_201'
Driver info: org.openqa.selenium.remote.RemoteWebDriver
Capabilities {acceptInsecureCerts: false, browserName: internet explorer, browserVersion: 11, javascriptEnabled: true, pageLoadStrategy: normal, platform: WINDOWS, platformName: WINDOWS, proxy: Proxy(), se:ieOptions: {browserAttachTimeout: 0, elementScrollBehavior: 0, enablePersistentHover: true, ie.browserCommandLineSwitches: , ie.ensureCleanSession: false, ie.fileUploadDialogTimeout: 3000, ie.forceCreateProcessApi: false, ignoreProtectedModeSettings: false, ignoreZoomSetting: false, initialBrowserUrl: http://localhost:27239/, nativeEvents: true, requireWindowFocus: false}, setWindowRect: true, timeouts: {implicit: 0, pageLoad: 300000, script: 30000}, webdriver.remote.sessionid: 79683a57-5aa5-4b91-ac45-17f...}
Session ID: 79683a57-5aa5-4b91-ac45-17f955ac6084
at sun.reflect.NativeConstructorAccessorImpl.newInstance0(Native Method)
at sun.reflect.NativeConstructorAccessorImpl.newInstance(NativeConstructorAccessorImpl.java:62)
at sun.reflect.DelegatingConstructorAccessorImpl.newInstance(DelegatingConstructorAccessorImpl.java:45)
at java.lang.reflect.Constructor.newInstance(Constructor.java:423)
at org.openqa.selenium.remote.http.W3CHttpResponseCodec.createException(W3CHttpResponseCodec.java:187)
at org.openqa.selenium.remote.http.W3CHttpResponseCodec.decode(W3CHttpResponseCodec.java:122)
at org.openqa.selenium.remote.http.W3CHttpResponseCodec.decode(W3CHttpResponseCodec.java:49)
at org.openqa.selenium.remote.HttpCommandExecutor.execute(HttpCommandExecutor.java:164)
at org.openqa.selenium.remote.RemoteWebDriver.execute(RemoteWebDriver.java:601)
at org.openqa.selenium.remote.RemoteWebDriver.execute(RemoteWebDriver.java:658)
at org.openqa.selenium.remote.RemoteWebDriver.getScreenshotAs(RemoteWebDriver.java:343)
at com.nag.nagp.selenium.keywords.SeleniumKeywords.getScreenshot(SeleniumKeywords.java:137)
at com.nag.nagp.reporterLogger.ReportFactory.fail(ReportFactory.java:115)
at com.nag.nagp.testcasebase.TestCasesBase.getResult(TestCasesBase.java:90)
at sun.reflect.NativeMethodAccessorImpl.invoke0(Native Method)
at sun.reflect.NativeMethodAccessorImpl.invoke(NativeMethodAccessorImpl.java:62)
at sun.reflect.DelegatingMethodAccessorImpl.invoke(DelegatingMethodAccessorImpl.java:43)
at java.lang.reflect.Method.invoke(Method.java:498)
at org.testng.internal.MethodInvocationHelper.invokeMethod(MethodInvocationHelper.java:124)
at org.testng.internal.MethodInvocationHelper.invokeMethodConsideringTimeout(MethodInvocationHelper.java:59)
at org.testng.internal.Invoker.invokeConfigurationMethod(Invoker.java:458)
at org.testng.internal.Invoker.invokeConfigurations(Invoker.java:222)
at org.testng.internal.Invoker.invokeMethod(Invoker.java:646)
at org.testng.internal.Invoker.invokeTestMethod(Invoker.java:719)
at org.testng.internal.Invoker.invokeTestMethods(Invoker.java:989)
at org.testng.internal.TestMethodWorker.invokeTestMethods(TestMethodWorker.java:125)
at org.testng.internal.TestMethodWorker.run(TestMethodWorker.java:109)
at org.testng.TestRunner.privateRun(TestRunner.java:648)
at org.testng.TestRunner.run(TestRunner.java:505)
at org.testng.SuiteRunner.runTest(SuiteRunner.java:455)
at org.testng.SuiteRunner.access$000(SuiteRunner.java:40)
at org.testng.SuiteRunner$SuiteWorker.run(SuiteRunner.java:489)
at org.testng.internal.thread.ThreadUtil$1.call(ThreadUtil.java:52)
at java.util.concurrent.FutureTask.run(FutureTask.java:266)
at java.util.concurrent.ThreadPoolExecutor.runWorker(ThreadPoolExecutor.java:1149)
at java.util.concurrent.ThreadPoolExecutor$Worker.run(ThreadPoolExecutor.java:624)
at java.lang.Thread.run(Thread.java:748)
]]>
            </full-stacktrace>
          </exception> <!-- org.openqa.selenium.NoSuchWindowException -->
          <reporter-output>
          </reporter-output>
        </test-method> <!-- Test_Validate_BusesSameSourceDestination -->
        <test-method status="SKIP" signature="getResult(org.testng.ITestResult)[pri:0, instance:com.nag.nagp.testcases.Test_Redbus_BusTicket_BookingPage@1990a65e]" name="getResult" is-config="true" duration-ms="0" started-at="2019-08-04T10:16:18Z" finished-at="2019-08-04T10:16:18Z">
          <reporter-output>
          </reporter-output>
        </test-method> <!-- getResult -->
        <test-method status="PASS" signature="tearDown(java.lang.String)[pri:0, instance:com.nag.nagp.testcases.Test_Redbus_BusTicket_BookingPage@1990a65e]" name="tearDown" is-config="true" duration-ms="573" started-at="2019-08-04T10:16:18Z" finished-at="2019-08-04T10:16:18Z">
          <params>
            <param index="0">
              <value>
                <![CDATA[IE]]>
              </value>
            </param>
          </params>
          <reporter-output>
          </reporter-output>
        </test-method> <!-- tearDown -->
      </class> <!-- com.nag.nagp.testcases.Test_Redbus_BusTicket_BookingPage -->
    </test> <!-- Test Application - IE -->
    <test name="Test Application - Chrome" duration-ms="11096" started-at="2019-08-04T10:16:14Z" finished-at="2019-08-04T10:16:26Z">
      <class name="com.nag.nagp.testcases.Test_Redbus_BusTicket_BookingPage">
        <test-method status="PASS" signature="beforeTest(java.lang.String)[pri:0, instance:com.nag.nagp.testcases.Test_Redbus_BusTicket_BookingPage@37374a5e]" name="beforeTest" is-config="true" duration-ms="3006" started-at="2019-08-04T10:16:14Z" finished-at="2019-08-04T10:16:17Z">
          <params>
            <param index="0">
              <value>
                <![CDATA[chrome]]>
              </value>
            </param>
          </params>
          <reporter-output>
          </reporter-output>
        </test-method> <!-- beforeTest -->
        <test-method status="PASS" signature="initializeRestClient(java.lang.reflect.Method, org.testng.ITestResult)[pri:0, instance:com.nag.nagp.testcases.Test_Redbus_BusTicket_BookingPage@37374a5e]" name="initializeRestClient" is-config="true" duration-ms="2219" started-at="2019-08-04T10:16:17Z" finished-at="2019-08-04T10:16:20Z">
          <params>
            <param index="0">
              <value>
                <![CDATA[public void com.nag.nagp.testcases.Test_Redbus_BusTicket_BookingPage.Test_Validate_BusTicket_Fields() throws com.nag.nagp.customException.ElementNotFound,com.nag.nagp.customException.ElementNotClickable]]>
              </value>
            </param>
            <param index="1">
              <value>
                <![CDATA[[TestResult name=Test_Validate_BusTicket_Fields status=SUCCESS method=Test_Redbus_BusTicket_BookingPage.Test_Validate_BusTicket_Fields()[pri:0, instance:com.nag.nagp.testcases.Test_Redbus_BusTicket_BookingPage@37374a5e] output={null}]]]>
              </value>
            </param>
          </params>
          <reporter-output>
          </reporter-output>
        </test-method> <!-- initializeRestClient -->
        <test-method status="PASS" signature="Test_Validate_BusTicket_Fields()[pri:0, instance:com.nag.nagp.testcases.Test_Redbus_BusTicket_BookingPage@37374a5e]" name="Test_Validate_BusTicket_Fields" duration-ms="1927" started-at="2019-08-04T10:16:20Z" description="Validate the fields on Redbus bus ticket page." finished-at="2019-08-04T10:16:22Z">
          <reporter-output>
          </reporter-output>
        </test-method> <!-- Test_Validate_BusTicket_Fields -->
        <test-method status="PASS" signature="getResult(org.testng.ITestResult)[pri:0, instance:com.nag.nagp.testcases.Test_Redbus_BusTicket_BookingPage@37374a5e]" name="getResult" is-config="true" duration-ms="1" started-at="2019-08-04T10:16:22Z" finished-at="2019-08-04T10:16:22Z">
          <params>
            <param index="0">
              <value>
                <![CDATA[[TestResult name=Test_Validate_BusTicket_Fields status=SUCCESS method=Test_Redbus_BusTicket_BookingPage.Test_Validate_BusTicket_Fields()[pri:0, instance:com.nag.nagp.testcases.Test_Redbus_BusTicket_BookingPage@37374a5e] output={null}]]]>
              </value>
            </param>
          </params>
          <reporter-output>
          </reporter-output>
        </test-method> <!-- getResult -->
        <test-method status="PASS" signature="initializeRestClient(java.lang.reflect.Method, org.testng.ITestResult)[pri:0, instance:com.nag.nagp.testcases.Test_Redbus_BusTicket_BookingPage@37374a5e]" name="initializeRestClient" is-config="true" duration-ms="786" started-at="2019-08-04T10:16:22Z" finished-at="2019-08-04T10:16:22Z">
          <params>
            <param index="0">
              <value>
                <![CDATA[public void com.nag.nagp.testcases.Test_Redbus_BusTicket_BookingPage.Test_Validate_BusesSameSourceDestination() throws com.nag.nagp.customException.ElementNotFound,com.nag.nagp.customException.ElementNotClickable,java.lang.Exception]]>
              </value>
            </param>
            <param index="1">
              <value>
                <![CDATA[[TestResult name=Test_Validate_BusesSameSourceDestination status=FAILURE method=Test_Redbus_BusTicket_BookingPage.Test_Validate_BusesSameSourceDestination()[pri:0, instance:com.nag.nagp.testcases.Test_Redbus_BusTicket_BookingPage@37374a5e] output={null}]]]>
              </value>
            </param>
          </params>
          <reporter-output>
          </reporter-output>
        </test-method> <!-- initializeRestClient -->
        <test-method status="FAIL" signature="Test_Validate_BusesSameSourceDestination()[pri:0, instance:com.nag.nagp.testcases.Test_Redbus_BusTicket_BookingPage@37374a5e]" name="Test_Validate_BusesSameSourceDestination" duration-ms="2097" started-at="2019-08-04T10:16:22Z" description="Validate the number of buses when Source and Destination are same." finished-at="2019-08-04T10:16:24Z">
          <exception class="com.nag.nagp.customException.ElementNotClickable">
            <message>
              <![CDATA[
WebElement busTickets_Menu [By.xpath: //a[@title='redBus']] Not Clickable]]>
            </message>
            <full-stacktrace>
              <![CDATA[com.nag.nagp.customException.ElementNotClickable: 
WebElement busTickets_Menu [By.xpath: //a[@title='redBus']] Not Clickable
at com.nag.nagp.selenium.keywords.SeleniumKeywords.click(SeleniumKeywords.java:81)
at com.nag.nagp.applicationhelper.RedbusHelper.setJourneyDetails(RedbusHelper.java:51)
at com.nag.nagp.testcases.Test_Redbus_BusTicket_BookingPage.Test_Validate_BusesSameSourceDestination(Test_Redbus_BusTicket_BookingPage.java:28)
at sun.reflect.NativeMethodAccessorImpl.invoke0(Native Method)
at sun.reflect.NativeMethodAccessorImpl.invoke(NativeMethodAccessorImpl.java:62)
at sun.reflect.DelegatingMethodAccessorImpl.invoke(DelegatingMethodAccessorImpl.java:43)
at java.lang.reflect.Method.invoke(Method.java:498)
at org.testng.internal.MethodInvocationHelper.invokeMethod(MethodInvocationHelper.java:124)
at org.testng.internal.Invoker.invokeMethod(Invoker.java:583)
at org.testng.internal.Invoker.invokeTestMethod(Invoker.java:719)
at org.testng.internal.Invoker.invokeTestMethods(Invoker.java:989)
at org.testng.internal.TestMethodWorker.invokeTestMethods(TestMethodWorker.java:125)
at org.testng.internal.TestMethodWorker.run(TestMethodWorker.java:109)
at org.testng.TestRunner.privateRun(TestRunner.java:648)
at org.testng.TestRunner.run(TestRunner.java:505)
at org.testng.SuiteRunner.runTest(SuiteRunner.java:455)
at org.testng.SuiteRunner.access$000(SuiteRunner.java:40)
at org.testng.SuiteRunner$SuiteWorker.run(SuiteRunner.java:489)
at org.testng.internal.thread.ThreadUtil$1.call(ThreadUtil.java:52)
at java.util.concurrent.FutureTask.run(FutureTask.java:266)
at java.util.concurrent.ThreadPoolExecutor.runWorker(ThreadPoolExecutor.java:1149)
at java.util.concurrent.ThreadPoolExecutor$Worker.run(ThreadPoolExecutor.java:624)
at java.lang.Thread.run(Thread.java:748)
]]>
            </full-stacktrace>
          </exception> <!-- com.nag.nagp.customException.ElementNotClickable -->
          <reporter-output>
          </reporter-output>
        </test-method> <!-- Test_Validate_BusesSameSourceDestination -->
        <test-method status="PASS" signature="getResult(org.testng.ITestResult)[pri:0, instance:com.nag.nagp.testcases.Test_Redbus_BusTicket_BookingPage@37374a5e]" name="getResult" is-config="true" duration-ms="847" started-at="2019-08-04T10:16:24Z" finished-at="2019-08-04T10:16:25Z">
          <params>
            <param index="0">
              <value>
                <![CDATA[[TestResult name=Test_Validate_BusesSameSourceDestination status=FAILURE method=Test_Redbus_BusTicket_BookingPage.Test_Validate_BusesSameSourceDestination()[pri:0, instance:com.nag.nagp.testcases.Test_Redbus_BusTicket_BookingPage@37374a5e] output={null}]]]>
              </value>
            </param>
          </params>
          <reporter-output>
          </reporter-output>
        </test-method> <!-- getResult -->
        <test-method status="PASS" signature="tearDown(java.lang.String)[pri:0, instance:com.nag.nagp.testcases.Test_Redbus_BusTicket_BookingPage@37374a5e]" name="tearDown" is-config="true" duration-ms="207" started-at="2019-08-04T10:16:25Z" finished-at="2019-08-04T10:16:26Z">
          <params>
            <param index="0">
              <value>
                <![CDATA[chrome]]>
              </value>
            </param>
          </params>
          <reporter-output>
          </reporter-output>
        </test-method> <!-- tearDown -->
      </class> <!-- com.nag.nagp.testcases.Test_Redbus_BusTicket_BookingPage -->
    </test> <!-- Test Application - Chrome -->
    <test name="Test Application - Firefox" duration-ms="20696" started-at="2019-08-04T10:16:14Z" finished-at="2019-08-04T10:16:35Z">
      <class name="com.nag.nagp.testcases.Test_Redbus_BusTicket_BookingPage">
        <test-method status="PASS" signature="beforeTest(java.lang.String)[pri:0, instance:com.nag.nagp.testcases.Test_Redbus_BusTicket_BookingPage@12c8a2c0]" name="beforeTest" is-config="true" duration-ms="5211" started-at="2019-08-04T10:16:14Z" finished-at="2019-08-04T10:16:20Z">
          <params>
            <param index="0">
              <value>
                <![CDATA[firefox]]>
              </value>
            </param>
          </params>
          <reporter-output>
          </reporter-output>
        </test-method> <!-- beforeTest -->
        <test-method status="PASS" signature="initializeRestClient(java.lang.reflect.Method, org.testng.ITestResult)[pri:0, instance:com.nag.nagp.testcases.Test_Redbus_BusTicket_BookingPage@12c8a2c0]" name="initializeRestClient" is-config="true" duration-ms="3239" started-at="2019-08-04T10:16:20Z" finished-at="2019-08-04T10:16:23Z">
          <params>
            <param index="0">
              <value>
                <![CDATA[public void com.nag.nagp.testcases.Test_Redbus_BusTicket_BookingPage.Test_Validate_BusTicket_Fields() throws com.nag.nagp.customException.ElementNotFound,com.nag.nagp.customException.ElementNotClickable]]>
              </value>
            </param>
            <param index="1">
              <value>
                <![CDATA[[TestResult name=Test_Validate_BusTicket_Fields status=SUCCESS method=Test_Redbus_BusTicket_BookingPage.Test_Validate_BusTicket_Fields()[pri:0, instance:com.nag.nagp.testcases.Test_Redbus_BusTicket_BookingPage@12c8a2c0] output={null}]]]>
              </value>
            </param>
          </params>
          <reporter-output>
          </reporter-output>
        </test-method> <!-- initializeRestClient -->
        <test-method status="PASS" signature="Test_Validate_BusTicket_Fields()[pri:0, instance:com.nag.nagp.testcases.Test_Redbus_BusTicket_BookingPage@12c8a2c0]" name="Test_Validate_BusTicket_Fields" duration-ms="2053" started-at="2019-08-04T10:16:23Z" description="Validate the fields on Redbus bus ticket page." finished-at="2019-08-04T10:16:25Z">
          <reporter-output>
          </reporter-output>
        </test-method> <!-- Test_Validate_BusTicket_Fields -->
        <test-method status="PASS" signature="getResult(org.testng.ITestResult)[pri:0, instance:com.nag.nagp.testcases.Test_Redbus_BusTicket_BookingPage@12c8a2c0]" name="getResult" is-config="true" duration-ms="1" started-at="2019-08-04T10:16:25Z" finished-at="2019-08-04T10:16:25Z">
          <params>
            <param index="0">
              <value>
                <![CDATA[[TestResult name=Test_Validate_BusTicket_Fields status=SUCCESS method=Test_Redbus_BusTicket_BookingPage.Test_Validate_BusTicket_Fields()[pri:0, instance:com.nag.nagp.testcases.Test_Redbus_BusTicket_BookingPage@12c8a2c0] output={null}]]]>
              </value>
            </param>
          </params>
          <reporter-output>
          </reporter-output>
        </test-method> <!-- getResult -->
        <test-method status="PASS" signature="initializeRestClient(java.lang.reflect.Method, org.testng.ITestResult)[pri:0, instance:com.nag.nagp.testcases.Test_Redbus_BusTicket_BookingPage@12c8a2c0]" name="initializeRestClient" is-config="true" duration-ms="1052" started-at="2019-08-04T10:16:25Z" finished-at="2019-08-04T10:16:26Z">
          <params>
            <param index="0">
              <value>
                <![CDATA[public void com.nag.nagp.testcases.Test_Redbus_BusTicket_BookingPage.Test_Validate_BusesSameSourceDestination() throws com.nag.nagp.customException.ElementNotFound,com.nag.nagp.customException.ElementNotClickable,java.lang.Exception]]>
              </value>
            </param>
            <param index="1">
              <value>
                <![CDATA[[TestResult name=Test_Validate_BusesSameSourceDestination status=SUCCESS method=Test_Redbus_BusTicket_BookingPage.Test_Validate_BusesSameSourceDestination()[pri:0, instance:com.nag.nagp.testcases.Test_Redbus_BusTicket_BookingPage@12c8a2c0] output={null}]]]>
              </value>
            </param>
          </params>
          <reporter-output>
          </reporter-output>
        </test-method> <!-- initializeRestClient -->
        <test-method status="PASS" signature="Test_Validate_BusesSameSourceDestination()[pri:0, instance:com.nag.nagp.testcases.Test_Redbus_BusTicket_BookingPage@12c8a2c0]" name="Test_Validate_BusesSameSourceDestination" duration-ms="7641" started-at="2019-08-04T10:16:26Z" description="Validate the number of buses when Source and Destination are same." finished-at="2019-08-04T10:16:34Z">
          <reporter-output>
          </reporter-output>
        </test-method> <!-- Test_Validate_BusesSameSourceDestination -->
        <test-method status="PASS" signature="tearDown(java.lang.String)[pri:0, instance:com.nag.nagp.testcases.Test_Redbus_BusTicket_BookingPage@12c8a2c0]" name="tearDown" is-config="true" duration-ms="1495" started-at="2019-08-04T10:16:34Z" finished-at="2019-08-04T10:16:35Z">
          <params>
            <param index="0">
              <value>
                <![CDATA[firefox]]>
              </value>
            </param>
          </params>
          <reporter-output>
          </reporter-output>
        </test-method> <!-- tearDown -->
        <test-method status="PASS" signature="getResult(org.testng.ITestResult)[pri:0, instance:com.nag.nagp.testcases.Test_Redbus_BusTicket_BookingPage@12c8a2c0]" name="getResult" is-config="true" duration-ms="0" started-at="2019-08-04T10:16:34Z" finished-at="2019-08-04T10:16:34Z">
          <params>
            <param index="0">
              <value>
                <![CDATA[[TestResult name=Test_Validate_BusesSameSourceDestination status=SUCCESS method=Test_Redbus_BusTicket_BookingPage.Test_Validate_BusesSameSourceDestination()[pri:0, instance:com.nag.nagp.testcases.Test_Redbus_BusTicket_BookingPage@12c8a2c0] output={null}]]]>
              </value>
            </param>
          </params>
          <reporter-output>
          </reporter-output>
        </test-method> <!-- getResult -->
      </class> <!-- com.nag.nagp.testcases.Test_Redbus_BusTicket_BookingPage -->
    </test> <!-- Test Application - Firefox -->
  </suite> <!-- Parallel - RegressionSuite -->
</testng-results>
